<?xml version="1.0" encoding="UTF-8"?>
<testsuite xmlns:xsi="http://www.w3.org/2001/XMLSchema-instance" xsi:noNamespaceSchemaLocation="https://maven.apache.org/surefire/maven-surefire-plugin/xsd/surefire-test-report.xsd" name="net.revature.binarybuiltbyte.project2.AddressTest" time="16.925" tests="3" errors="0" skipped="0" failures="3">
  <properties>
    <property name="sun.desktop" value="windows"/>
    <property name="awt.toolkit" value="sun.awt.windows.WToolkit"/>
    <property name="file.encoding.pkg" value="sun.io"/>
    <property name="java.specification.version" value="1.8"/>
    <property name="sun.cpu.isalist" value="amd64"/>
    <property name="sun.jnu.encoding" value="Cp1252"/>
    <property name="java.class.path" value="C:\Users\Daniel\Desktop\Revature\Project2BackEnd\New Project\ByteBuildersBackEnd\project2-backend\target\test-classes;C:\Users\Daniel\Desktop\Revature\Project2BackEnd\New Project\ByteBuildersBackEnd\project2-backend\target\classes;C:\Users\Daniel\.m2\repository\org\springframework\boot\spring-boot-starter-actuator\2.4.4\spring-boot-starter-actuator-2.4.4.jar;C:\Users\Daniel\.m2\repository\org\springframework\boot\spring-boot-starter\2.4.4\spring-boot-starter-2.4.4.jar;C:\Users\Daniel\.m2\repository\org\springframework\boot\spring-boot-starter-logging\2.4.4\spring-boot-starter-logging-2.4.4.jar;C:\Users\Daniel\.m2\repository\ch\qos\logback\logback-classic\1.2.3\logback-classic-1.2.3.jar;C:\Users\Daniel\.m2\repository\ch\qos\logback\logback-core\1.2.3\logback-core-1.2.3.jar;C:\Users\Daniel\.m2\repository\org\apache\logging\log4j\log4j-to-slf4j\2.13.3\log4j-to-slf4j-2.13.3.jar;C:\Users\Daniel\.m2\repository\org\apache\logging\log4j\log4j-api\2.13.3\log4j-api-2.13.3.jar;C:\Users\Daniel\.m2\repository\org\slf4j\jul-to-slf4j\1.7.30\jul-to-slf4j-1.7.30.jar;C:\Users\Daniel\.m2\repository\org\yaml\snakeyaml\1.27\snakeyaml-1.27.jar;C:\Users\Daniel\.m2\repository\org\springframework\boot\spring-boot-actuator-autoconfigure\2.4.4\spring-boot-actuator-autoconfigure-2.4.4.jar;C:\Users\Daniel\.m2\repository\org\springframework\boot\spring-boot-actuator\2.4.4\spring-boot-actuator-2.4.4.jar;C:\Users\Daniel\.m2\repository\com\fasterxml\jackson\datatype\jackson-datatype-jsr310\2.11.4\jackson-datatype-jsr310-2.11.4.jar;C:\Users\Daniel\.m2\repository\io\micrometer\micrometer-core\1.6.5\micrometer-core-1.6.5.jar;C:\Users\Daniel\.m2\repository\org\hdrhistogram\HdrHistogram\2.1.12\HdrHistogram-2.1.12.jar;C:\Users\Daniel\.m2\repository\org\latencyutils\LatencyUtils\2.0.3\LatencyUtils-2.0.3.jar;C:\Users\Daniel\.m2\repository\org\springframework\boot\spring-boot-starter-data-rest\2.4.4\spring-boot-starter-data-rest-2.4.4.jar;C:\Users\Daniel\.m2\repository\org\springframework\data\spring-data-rest-webmvc\3.4.6\spring-data-rest-webmvc-3.4.6.jar;C:\Users\Daniel\.m2\repository\org\springframework\data\spring-data-rest-core\3.4.6\spring-data-rest-core-3.4.6.jar;C:\Users\Daniel\.m2\repository\org\springframework\hateoas\spring-hateoas\1.2.5\spring-hateoas-1.2.5.jar;C:\Users\Daniel\.m2\repository\org\atteo\evo-inflector\1.2.2\evo-inflector-1.2.2.jar;C:\Users\Daniel\.m2\repository\com\fasterxml\jackson\core\jackson-annotations\2.11.4\jackson-annotations-2.11.4.jar;C:\Users\Daniel\.m2\repository\org\springframework\boot\spring-boot-starter-data-jpa\2.4.4\spring-boot-starter-data-jpa-2.4.4.jar;C:\Users\Daniel\.m2\repository\org\springframework\boot\spring-boot-starter-aop\2.4.4\spring-boot-starter-aop-2.4.4.jar;C:\Users\Daniel\.m2\repository\org\aspectj\aspectjweaver\1.9.6\aspectjweaver-1.9.6.jar;C:\Users\Daniel\.m2\repository\org\springframework\boot\spring-boot-starter-jdbc\2.4.4\spring-boot-starter-jdbc-2.4.4.jar;C:\Users\Daniel\.m2\repository\com\zaxxer\HikariCP\3.4.5\HikariCP-3.4.5.jar;C:\Users\Daniel\.m2\repository\org\springframework\spring-jdbc\5.3.5\spring-jdbc-5.3.5.jar;C:\Users\Daniel\.m2\repository\jakarta\transaction\jakarta.transaction-api\1.3.3\jakarta.transaction-api-1.3.3.jar;C:\Users\Daniel\.m2\repository\jakarta\persistence\jakarta.persistence-api\2.2.3\jakarta.persistence-api-2.2.3.jar;C:\Users\Daniel\.m2\repository\org\hibernate\hibernate-core\5.4.29.Final\hibernate-core-5.4.29.Final.jar;C:\Users\Daniel\.m2\repository\org\jboss\logging\jboss-logging\3.4.1.Final\jboss-logging-3.4.1.Final.jar;C:\Users\Daniel\.m2\repository\org\javassist\javassist\3.27.0-GA\javassist-3.27.0-GA.jar;C:\Users\Daniel\.m2\repository\net\bytebuddy\byte-buddy\1.10.22\byte-buddy-1.10.22.jar;C:\Users\Daniel\.m2\repository\antlr\antlr\2.7.7\antlr-2.7.7.jar;C:\Users\Daniel\.m2\repository\org\jboss\jandex\2.2.3.Final\jandex-2.2.3.Final.jar;C:\Users\Daniel\.m2\repository\org\dom4j\dom4j\2.1.3\dom4j-2.1.3.jar;C:\Users\Daniel\.m2\repository\org\hibernate\common\hibernate-commons-annotations\5.1.2.Final\hibernate-commons-annotations-5.1.2.Final.jar;C:\Users\Daniel\.m2\repository\org\glassfish\jaxb\jaxb-runtime\2.3.3\jaxb-runtime-2.3.3.jar;C:\Users\Daniel\.m2\repository\org\glassfish\jaxb\txw2\2.3.3\txw2-2.3.3.jar;C:\Users\Daniel\.m2\repository\com\sun\istack\istack-commons-runtime\3.0.11\istack-commons-runtime-3.0.11.jar;C:\Users\Daniel\.m2\repository\com\sun\activation\jakarta.activation\1.2.2\jakarta.activation-1.2.2.jar;C:\Users\Daniel\.m2\repository\org\springframework\data\spring-data-jpa\2.4.6\spring-data-jpa-2.4.6.jar;C:\Users\Daniel\.m2\repository\org\springframework\data\spring-data-commons\2.4.6\spring-data-commons-2.4.6.jar;C:\Users\Daniel\.m2\repository\org\springframework\spring-orm\5.3.5\spring-orm-5.3.5.jar;C:\Users\Daniel\.m2\repository\org\springframework\spring-tx\5.3.5\spring-tx-5.3.5.jar;C:\Users\Daniel\.m2\repository\org\springframework\spring-aspects\5.3.5\spring-aspects-5.3.5.jar;C:\Users\Daniel\.m2\repository\org\springframework\boot\spring-boot-starter-web\2.4.4\spring-boot-starter-web-2.4.4.jar;C:\Users\Daniel\.m2\repository\org\springframework\boot\spring-boot-starter-json\2.4.4\spring-boot-starter-json-2.4.4.jar;C:\Users\Daniel\.m2\repository\com\fasterxml\jackson\datatype\jackson-datatype-jdk8\2.11.4\jackson-datatype-jdk8-2.11.4.jar;C:\Users\Daniel\.m2\repository\com\fasterxml\jackson\module\jackson-module-parameter-names\2.11.4\jackson-module-parameter-names-2.11.4.jar;C:\Users\Daniel\.m2\repository\org\springframework\spring-web\5.3.5\spring-web-5.3.5.jar;C:\Users\Daniel\.m2\repository\org\springframework\spring-webmvc\5.3.5\spring-webmvc-5.3.5.jar;C:\Users\Daniel\.m2\repository\org\springframework\boot\spring-boot-devtools\2.4.4\spring-boot-devtools-2.4.4.jar;C:\Users\Daniel\.m2\repository\org\springframework\boot\spring-boot\2.4.4\spring-boot-2.4.4.jar;C:\Users\Daniel\.m2\repository\org\springframework\boot\spring-boot-autoconfigure\2.4.4\spring-boot-autoconfigure-2.4.4.jar;C:\Users\Daniel\.m2\repository\org\postgresql\postgresql\42.2.19\postgresql-42.2.19.jar;C:\Users\Daniel\.m2\repository\org\checkerframework\checker-qual\3.5.0\checker-qual-3.5.0.jar;C:\Users\Daniel\.m2\repository\org\springframework\boot\spring-boot-configuration-processor\2.4.4\spring-boot-configuration-processor-2.4.4.jar;C:\Users\Daniel\.m2\repository\org\projectlombok\lombok\1.18.18\lombok-1.18.18.jar;C:\Users\Daniel\.m2\repository\org\springframework\boot\spring-boot-starter-tomcat\2.4.4\spring-boot-starter-tomcat-2.4.4.jar;C:\Users\Daniel\.m2\repository\jakarta\annotation\jakarta.annotation-api\1.3.5\jakarta.annotation-api-1.3.5.jar;C:\Users\Daniel\.m2\repository\org\apache\tomcat\embed\tomcat-embed-core\9.0.44\tomcat-embed-core-9.0.44.jar;C:\Users\Daniel\.m2\repository\org\glassfish\jakarta.el\3.0.3\jakarta.el-3.0.3.jar;C:\Users\Daniel\.m2\repository\org\apache\tomcat\embed\tomcat-embed-websocket\9.0.44\tomcat-embed-websocket-9.0.44.jar;C:\Users\Daniel\.m2\repository\org\springframework\boot\spring-boot-starter-test\2.4.4\spring-boot-starter-test-2.4.4.jar;C:\Users\Daniel\.m2\repository\org\springframework\boot\spring-boot-test\2.4.4\spring-boot-test-2.4.4.jar;C:\Users\Daniel\.m2\repository\org\springframework\boot\spring-boot-test-autoconfigure\2.4.4\spring-boot-test-autoconfigure-2.4.4.jar;C:\Users\Daniel\.m2\repository\com\jayway\jsonpath\json-path\2.4.0\json-path-2.4.0.jar;C:\Users\Daniel\.m2\repository\net\minidev\json-smart\2.3\json-smart-2.3.jar;C:\Users\Daniel\.m2\repository\net\minidev\accessors-smart\1.2\accessors-smart-1.2.jar;C:\Users\Daniel\.m2\repository\jakarta\xml\bind\jakarta.xml.bind-api\2.3.3\jakarta.xml.bind-api-2.3.3.jar;C:\Users\Daniel\.m2\repository\jakarta\activation\jakarta.activation-api\1.2.2\jakarta.activation-api-1.2.2.jar;C:\Users\Daniel\.m2\repository\org\assertj\assertj-core\3.18.1\assertj-core-3.18.1.jar;C:\Users\Daniel\.m2\repository\org\hamcrest\hamcrest\2.2\hamcrest-2.2.jar;C:\Users\Daniel\.m2\repository\org\mockito\mockito-core\3.6.28\mockito-core-3.6.28.jar;C:\Users\Daniel\.m2\repository\net\bytebuddy\byte-buddy-agent\1.10.22\byte-buddy-agent-1.10.22.jar;C:\Users\Daniel\.m2\repository\org\objenesis\objenesis\3.1\objenesis-3.1.jar;C:\Users\Daniel\.m2\repository\org\mockito\mockito-junit-jupiter\3.6.28\mockito-junit-jupiter-3.6.28.jar;C:\Users\Daniel\.m2\repository\org\skyscreamer\jsonassert\1.5.0\jsonassert-1.5.0.jar;C:\Users\Daniel\.m2\repository\com\vaadin\external\google\android-json\0.0.20131108.vaadin1\android-json-0.0.20131108.vaadin1.jar;C:\Users\Daniel\.m2\repository\org\springframework\spring-core\5.3.5\spring-core-5.3.5.jar;C:\Users\Daniel\.m2\repository\org\springframework\spring-jcl\5.3.5\spring-jcl-5.3.5.jar;C:\Users\Daniel\.m2\repository\org\springframework\spring-test\5.3.5\spring-test-5.3.5.jar;C:\Users\Daniel\.m2\repository\org\xmlunit\xmlunit-core\2.7.0\xmlunit-core-2.7.0.jar;C:\Users\Daniel\.m2\repository\org\junit\jupiter\junit-jupiter\5.7.1\junit-jupiter-5.7.1.jar;C:\Users\Daniel\.m2\repository\org\junit\jupiter\junit-jupiter-params\5.7.1\junit-jupiter-params-5.7.1.jar;C:\Users\Daniel\.m2\repository\junit\junit\4.13.2\junit-4.13.2.jar;C:\Users\Daniel\.m2\repository\org\hamcrest\hamcrest-core\2.2\hamcrest-core-2.2.jar;C:\Users\Daniel\.m2\repository\org\junit\jupiter\junit-jupiter-api\5.7.1\junit-jupiter-api-5.7.1.jar;C:\Users\Daniel\.m2\repository\org\apiguardian\apiguardian-api\1.1.0\apiguardian-api-1.1.0.jar;C:\Users\Daniel\.m2\repository\org\opentest4j\opentest4j\1.2.0\opentest4j-1.2.0.jar;C:\Users\Daniel\.m2\repository\org\junit\platform\junit-platform-commons\1.7.1\junit-platform-commons-1.7.1.jar;C:\Users\Daniel\.m2\repository\org\junit\jupiter\junit-jupiter-engine\5.7.1\junit-jupiter-engine-5.7.1.jar;C:\Users\Daniel\.m2\repository\org\junit\platform\junit-platform-engine\1.7.1\junit-platform-engine-1.7.1.jar;C:\Users\Daniel\.m2\repository\org\junit\vintage\junit-vintage-engine\5.7.1\junit-vintage-engine-5.7.1.jar;C:\Users\Daniel\.m2\repository\org\jacoco\jacoco-maven-plugin\0.8.6\jacoco-maven-plugin-0.8.6.jar;C:\Users\Daniel\.m2\repository\org\apache\maven\maven-plugin-api\3.0\maven-plugin-api-3.0.jar;C:\Users\Daniel\.m2\repository\org\apache\maven\maven-model\3.0\maven-model-3.0.jar;C:\Users\Daniel\.m2\repository\org\apache\maven\maven-artifact\3.0\maven-artifact-3.0.jar;C:\Users\Daniel\.m2\repository\org\sonatype\sisu\sisu-inject-plexus\1.4.2\sisu-inject-plexus-1.4.2.jar;C:\Users\Daniel\.m2\repository\org\sonatype\sisu\sisu-inject-bean\1.4.2\sisu-inject-bean-1.4.2.jar;C:\Users\Daniel\.m2\repository\org\sonatype\sisu\sisu-guice\2.1.7\sisu-guice-2.1.7-noaop.jar;C:\Users\Daniel\.m2\repository\org\apache\maven\maven-core\3.0\maven-core-3.0.jar;C:\Users\Daniel\.m2\repository\org\apache\maven\maven-settings\3.0\maven-settings-3.0.jar;C:\Users\Daniel\.m2\repository\org\apache\maven\maven-settings-builder\3.0\maven-settings-builder-3.0.jar;C:\Users\Daniel\.m2\repository\org\apache\maven\maven-repository-metadata\3.0\maven-repository-metadata-3.0.jar;C:\Users\Daniel\.m2\repository\org\apache\maven\maven-model-builder\3.0\maven-model-builder-3.0.jar;C:\Users\Daniel\.m2\repository\org\apache\maven\maven-aether-provider\3.0\maven-aether-provider-3.0.jar;C:\Users\Daniel\.m2\repository\org\sonatype\aether\aether-impl\1.7\aether-impl-1.7.jar;C:\Users\Daniel\.m2\repository\org\sonatype\aether\aether-spi\1.7\aether-spi-1.7.jar;C:\Users\Daniel\.m2\repository\org\sonatype\aether\aether-api\1.7\aether-api-1.7.jar;C:\Users\Daniel\.m2\repository\org\sonatype\aether\aether-util\1.7\aether-util-1.7.jar;C:\Users\Daniel\.m2\repository\org\codehaus\plexus\plexus-interpolation\1.14\plexus-interpolation-1.14.jar;C:\Users\Daniel\.m2\repository\org\codehaus\plexus\plexus-classworlds\2.2.3\plexus-classworlds-2.2.3.jar;C:\Users\Daniel\.m2\repository\org\codehaus\plexus\plexus-component-annotations\1.5.5\plexus-component-annotations-1.5.5.jar;C:\Users\Daniel\.m2\repository\org\sonatype\plexus\plexus-sec-dispatcher\1.3\plexus-sec-dispatcher-1.3.jar;C:\Users\Daniel\.m2\repository\org\sonatype\plexus\plexus-cipher\1.4\plexus-cipher-1.4.jar;C:\Users\Daniel\.m2\repository\org\codehaus\plexus\plexus-utils\3.0.22\plexus-utils-3.0.22.jar;C:\Users\Daniel\.m2\repository\org\apache\maven\shared\file-management\1.2.1\file-management-1.2.1.jar;C:\Users\Daniel\.m2\repository\org\apache\maven\shared\maven-shared-io\1.1\maven-shared-io-1.1.jar;C:\Users\Daniel\.m2\repository\org\apache\maven\maven-artifact-manager\2.0.2\maven-artifact-manager-2.0.2.jar;C:\Users\Daniel\.m2\repository\org\apache\maven\wagon\wagon-provider-api\1.0-alpha-6\wagon-provider-api-1.0-alpha-6.jar;C:\Users\Daniel\.m2\repository\org\codehaus\plexus\plexus-container-default\1.0-alpha-9\plexus-container-default-1.0-alpha-9.jar;C:\Users\Daniel\.m2\repository\classworlds\classworlds\1.1-alpha-2\classworlds-1.1-alpha-2.jar;C:\Users\Daniel\.m2\repository\org\apache\maven\reporting\maven-reporting-api\3.0\maven-reporting-api-3.0.jar;C:\Users\Daniel\.m2\repository\org\apache\maven\doxia\doxia-sink-api\1.0\doxia-sink-api-1.0.jar;C:\Users\Daniel\.m2\repository\org\apache\maven\reporting\maven-reporting-impl\2.1\maven-reporting-impl-2.1.jar;C:\Users\Daniel\.m2\repository\org\apache\maven\maven-project\2.0.10\maven-project-2.0.10.jar;C:\Users\Daniel\.m2\repository\org\apache\maven\maven-profile\2.0.10\maven-profile-2.0.10.jar;C:\Users\Daniel\.m2\repository\org\apache\maven\maven-plugin-registry\2.0.10\maven-plugin-registry-2.0.10.jar;C:\Users\Daniel\.m2\repository\org\apache\maven\doxia\doxia-core\1.1.2\doxia-core-1.1.2.jar;C:\Users\Daniel\.m2\repository\org\apache\maven\doxia\doxia-logging-api\1.1.2\doxia-logging-api-1.1.2.jar;C:\Users\Daniel\.m2\repository\xerces\xercesImpl\2.8.1\xercesImpl-2.8.1.jar;C:\Users\Daniel\.m2\repository\commons-lang\commons-lang\2.4\commons-lang-2.4.jar;C:\Users\Daniel\.m2\repository\commons-httpclient\commons-httpclient\3.1\commons-httpclient-3.1.jar;C:\Users\Daniel\.m2\repository\commons-codec\commons-codec\1.15\commons-codec-1.15.jar;C:\Users\Daniel\.m2\repository\org\apache\maven\doxia\doxia-site-renderer\1.1.2\doxia-site-renderer-1.1.2.jar;C:\Users\Daniel\.m2\repository\org\apache\maven\doxia\doxia-decoration-model\1.1.2\doxia-decoration-model-1.1.2.jar;C:\Users\Daniel\.m2\repository\org\apache\maven\doxia\doxia-module-xhtml\1.1.2\doxia-module-xhtml-1.1.2.jar;C:\Users\Daniel\.m2\repository\org\apache\maven\doxia\doxia-module-fml\1.1.2\doxia-module-fml-1.1.2.jar;C:\Users\Daniel\.m2\repository\org\codehaus\plexus\plexus-i18n\1.0-beta-7\plexus-i18n-1.0-beta-7.jar;C:\Users\Daniel\.m2\repository\org\codehaus\plexus\plexus-velocity\1.1.7\plexus-velocity-1.1.7.jar;C:\Users\Daniel\.m2\repository\org\apache\velocity\velocity\1.5\velocity-1.5.jar;C:\Users\Daniel\.m2\repository\commons-collections\commons-collections\3.2\commons-collections-3.2.jar;C:\Users\Daniel\.m2\repository\commons-validator\commons-validator\1.2.0\commons-validator-1.2.0.jar;C:\Users\Daniel\.m2\repository\commons-beanutils\commons-beanutils\1.7.0\commons-beanutils-1.7.0.jar;C:\Users\Daniel\.m2\repository\commons-digester\commons-digester\1.6\commons-digester-1.6.jar;C:\Users\Daniel\.m2\repository\commons-logging\commons-logging\1.0.4\commons-logging-1.0.4.jar;C:\Users\Daniel\.m2\repository\oro\oro\2.0.8\oro-2.0.8.jar;C:\Users\Daniel\.m2\repository\xml-apis\xml-apis\1.0.b2\xml-apis-1.0.b2.jar;C:\Users\Daniel\.m2\repository\org\jacoco\org.jacoco.agent\0.8.6\org.jacoco.agent-0.8.6-runtime.jar;C:\Users\Daniel\.m2\repository\org\jacoco\org.jacoco.core\0.8.6\org.jacoco.core-0.8.6.jar;C:\Users\Daniel\.m2\repository\org\ow2\asm\asm\8.0.1\asm-8.0.1.jar;C:\Users\Daniel\.m2\repository\org\ow2\asm\asm-commons\8.0.1\asm-commons-8.0.1.jar;C:\Users\Daniel\.m2\repository\org\ow2\asm\asm-analysis\8.0.1\asm-analysis-8.0.1.jar;C:\Users\Daniel\.m2\repository\org\ow2\asm\asm-tree\8.0.1\asm-tree-8.0.1.jar;C:\Users\Daniel\.m2\repository\org\jacoco\org.jacoco.report\0.8.6\org.jacoco.report-0.8.6.jar;C:\Users\Daniel\.m2\repository\com\h2database\h2\1.4.200\h2-1.4.200.jar;C:\Users\Daniel\.m2\repository\org\springframework\boot\spring-boot-starter-security\2.4.4\spring-boot-starter-security-2.4.4.jar;C:\Users\Daniel\.m2\repository\org\springframework\spring-aop\5.3.5\spring-aop-5.3.5.jar;C:\Users\Daniel\.m2\repository\org\springframework\security\spring-security-config\5.4.5\spring-security-config-5.4.5.jar;C:\Users\Daniel\.m2\repository\org\springframework\security\spring-security-test\5.4.5\spring-security-test-5.4.5.jar;C:\Users\Daniel\.m2\repository\org\springframework\security\spring-security-core\5.4.5\spring-security-core-5.4.5.jar;C:\Users\Daniel\.m2\repository\io\jsonwebtoken\jjwt\0.9.1\jjwt-0.9.1.jar;C:\Users\Daniel\.m2\repository\com\fasterxml\jackson\core\jackson-databind\2.11.4\jackson-databind-2.11.4.jar;C:\Users\Daniel\.m2\repository\com\fasterxml\jackson\core\jackson-core\2.11.4\jackson-core-2.11.4.jar;C:\Users\Daniel\.m2\repository\org\springframework\security\spring-security-web\5.4.6\spring-security-web-5.4.6.jar;C:\Users\Daniel\.m2\repository\org\springframework\spring-beans\5.3.5\spring-beans-5.3.5.jar;C:\Users\Daniel\.m2\repository\org\springframework\spring-context\5.3.5\spring-context-5.3.5.jar;C:\Users\Daniel\.m2\repository\org\springframework\spring-expression\5.3.5\spring-expression-5.3.5.jar;C:\Users\Daniel\.m2\repository\io\springfox\springfox-boot-starter\3.0.0\springfox-boot-starter-3.0.0.jar;C:\Users\Daniel\.m2\repository\io\springfox\springfox-oas\3.0.0\springfox-oas-3.0.0.jar;C:\Users\Daniel\.m2\repository\io\swagger\core\v3\swagger-annotations\2.1.2\swagger-annotations-2.1.2.jar;C:\Users\Daniel\.m2\repository\io\swagger\core\v3\swagger-models\2.1.2\swagger-models-2.1.2.jar;C:\Users\Daniel\.m2\repository\io\springfox\springfox-spi\3.0.0\springfox-spi-3.0.0.jar;C:\Users\Daniel\.m2\repository\io\springfox\springfox-schema\3.0.0\springfox-schema-3.0.0.jar;C:\Users\Daniel\.m2\repository\io\springfox\springfox-core\3.0.0\springfox-core-3.0.0.jar;C:\Users\Daniel\.m2\repository\io\springfox\springfox-spring-web\3.0.0\springfox-spring-web-3.0.0.jar;C:\Users\Daniel\.m2\repository\io\github\classgraph\classgraph\4.8.83\classgraph-4.8.83.jar;C:\Users\Daniel\.m2\repository\io\springfox\springfox-spring-webmvc\3.0.0\springfox-spring-webmvc-3.0.0.jar;C:\Users\Daniel\.m2\repository\io\springfox\springfox-spring-webflux\3.0.0\springfox-spring-webflux-3.0.0.jar;C:\Users\Daniel\.m2\repository\io\springfox\springfox-swagger-common\3.0.0\springfox-swagger-common-3.0.0.jar;C:\Users\Daniel\.m2\repository\org\mapstruct\mapstruct\1.3.1.Final\mapstruct-1.3.1.Final.jar;C:\Users\Daniel\.m2\repository\io\springfox\springfox-data-rest\3.0.0\springfox-data-rest-3.0.0.jar;C:\Users\Daniel\.m2\repository\io\springfox\springfox-bean-validators\3.0.0\springfox-bean-validators-3.0.0.jar;C:\Users\Daniel\.m2\repository\io\springfox\springfox-swagger2\3.0.0\springfox-swagger2-3.0.0.jar;C:\Users\Daniel\.m2\repository\io\swagger\swagger-annotations\1.5.20\swagger-annotations-1.5.20.jar;C:\Users\Daniel\.m2\repository\io\swagger\swagger-models\1.5.20\swagger-models-1.5.20.jar;C:\Users\Daniel\.m2\repository\io\springfox\springfox-swagger-ui\3.0.0\springfox-swagger-ui-3.0.0.jar;C:\Users\Daniel\.m2\repository\com\fasterxml\classmate\1.5.1\classmate-1.5.1.jar;C:\Users\Daniel\.m2\repository\org\slf4j\slf4j-api\1.7.30\slf4j-api-1.7.30.jar;C:\Users\Daniel\.m2\repository\org\springframework\plugin\spring-plugin-core\2.0.0.RELEASE\spring-plugin-core-2.0.0.RELEASE.jar;C:\Users\Daniel\.m2\repository\org\springframework\plugin\spring-plugin-metadata\2.0.0.RELEASE\spring-plugin-metadata-2.0.0.RELEASE.jar;"/>
    <property name="java.vm.vendor" value="Oracle Corporation"/>
    <property name="sun.arch.data.model" value="64"/>
    <property name="user.variant" value=""/>
    <property name="java.vendor.url" value="http://java.oracle.com/"/>
    <property name="user.timezone" value="America/New_York"/>
    <property name="java.vm.specification.version" value="1.8"/>
    <property name="os.name" value="Windows 10"/>
    <property name="user.country" value="US"/>
    <property name="sun.java.launcher" value="SUN_STANDARD"/>
    <property name="sun.boot.library.path" value="C:\Program Files\Java\jdk1.8.0_211\jre\bin"/>
    <property name="sun.java.command" value="C:\Users\Daniel\AppData\Local\Temp\surefire7171642832724200928\surefirebooter2983922753657604809.jar C:\Users\Daniel\AppData\Local\Temp\surefire7171642832724200928 2021-04-25T12-23-15_733-jvmRun1 surefire1889592477588754449tmp surefire_06383989245772241572tmp"/>
    <property name="surefire.test.class.path" value="C:\Users\Daniel\Desktop\Revature\Project2BackEnd\New Project\ByteBuildersBackEnd\project2-backend\target\test-classes;C:\Users\Daniel\Desktop\Revature\Project2BackEnd\New Project\ByteBuildersBackEnd\project2-backend\target\classes;C:\Users\Daniel\.m2\repository\org\springframework\boot\spring-boot-starter-actuator\2.4.4\spring-boot-starter-actuator-2.4.4.jar;C:\Users\Daniel\.m2\repository\org\springframework\boot\spring-boot-starter\2.4.4\spring-boot-starter-2.4.4.jar;C:\Users\Daniel\.m2\repository\org\springframework\boot\spring-boot-starter-logging\2.4.4\spring-boot-starter-logging-2.4.4.jar;C:\Users\Daniel\.m2\repository\ch\qos\logback\logback-classic\1.2.3\logback-classic-1.2.3.jar;C:\Users\Daniel\.m2\repository\ch\qos\logback\logback-core\1.2.3\logback-core-1.2.3.jar;C:\Users\Daniel\.m2\repository\org\apache\logging\log4j\log4j-to-slf4j\2.13.3\log4j-to-slf4j-2.13.3.jar;C:\Users\Daniel\.m2\repository\org\apache\logging\log4j\log4j-api\2.13.3\log4j-api-2.13.3.jar;C:\Users\Daniel\.m2\repository\org\slf4j\jul-to-slf4j\1.7.30\jul-to-slf4j-1.7.30.jar;C:\Users\Daniel\.m2\repository\org\yaml\snakeyaml\1.27\snakeyaml-1.27.jar;C:\Users\Daniel\.m2\repository\org\springframework\boot\spring-boot-actuator-autoconfigure\2.4.4\spring-boot-actuator-autoconfigure-2.4.4.jar;C:\Users\Daniel\.m2\repository\org\springframework\boot\spring-boot-actuator\2.4.4\spring-boot-actuator-2.4.4.jar;C:\Users\Daniel\.m2\repository\com\fasterxml\jackson\datatype\jackson-datatype-jsr310\2.11.4\jackson-datatype-jsr310-2.11.4.jar;C:\Users\Daniel\.m2\repository\io\micrometer\micrometer-core\1.6.5\micrometer-core-1.6.5.jar;C:\Users\Daniel\.m2\repository\org\hdrhistogram\HdrHistogram\2.1.12\HdrHistogram-2.1.12.jar;C:\Users\Daniel\.m2\repository\org\latencyutils\LatencyUtils\2.0.3\LatencyUtils-2.0.3.jar;C:\Users\Daniel\.m2\repository\org\springframework\boot\spring-boot-starter-data-rest\2.4.4\spring-boot-starter-data-rest-2.4.4.jar;C:\Users\Daniel\.m2\repository\org\springframework\data\spring-data-rest-webmvc\3.4.6\spring-data-rest-webmvc-3.4.6.jar;C:\Users\Daniel\.m2\repository\org\springframework\data\spring-data-rest-core\3.4.6\spring-data-rest-core-3.4.6.jar;C:\Users\Daniel\.m2\repository\org\springframework\hateoas\spring-hateoas\1.2.5\spring-hateoas-1.2.5.jar;C:\Users\Daniel\.m2\repository\org\atteo\evo-inflector\1.2.2\evo-inflector-1.2.2.jar;C:\Users\Daniel\.m2\repository\com\fasterxml\jackson\core\jackson-annotations\2.11.4\jackson-annotations-2.11.4.jar;C:\Users\Daniel\.m2\repository\org\springframework\boot\spring-boot-starter-data-jpa\2.4.4\spring-boot-starter-data-jpa-2.4.4.jar;C:\Users\Daniel\.m2\repository\org\springframework\boot\spring-boot-starter-aop\2.4.4\spring-boot-starter-aop-2.4.4.jar;C:\Users\Daniel\.m2\repository\org\aspectj\aspectjweaver\1.9.6\aspectjweaver-1.9.6.jar;C:\Users\Daniel\.m2\repository\org\springframework\boot\spring-boot-starter-jdbc\2.4.4\spring-boot-starter-jdbc-2.4.4.jar;C:\Users\Daniel\.m2\repository\com\zaxxer\HikariCP\3.4.5\HikariCP-3.4.5.jar;C:\Users\Daniel\.m2\repository\org\springframework\spring-jdbc\5.3.5\spring-jdbc-5.3.5.jar;C:\Users\Daniel\.m2\repository\jakarta\transaction\jakarta.transaction-api\1.3.3\jakarta.transaction-api-1.3.3.jar;C:\Users\Daniel\.m2\repository\jakarta\persistence\jakarta.persistence-api\2.2.3\jakarta.persistence-api-2.2.3.jar;C:\Users\Daniel\.m2\repository\org\hibernate\hibernate-core\5.4.29.Final\hibernate-core-5.4.29.Final.jar;C:\Users\Daniel\.m2\repository\org\jboss\logging\jboss-logging\3.4.1.Final\jboss-logging-3.4.1.Final.jar;C:\Users\Daniel\.m2\repository\org\javassist\javassist\3.27.0-GA\javassist-3.27.0-GA.jar;C:\Users\Daniel\.m2\repository\net\bytebuddy\byte-buddy\1.10.22\byte-buddy-1.10.22.jar;C:\Users\Daniel\.m2\repository\antlr\antlr\2.7.7\antlr-2.7.7.jar;C:\Users\Daniel\.m2\repository\org\jboss\jandex\2.2.3.Final\jandex-2.2.3.Final.jar;C:\Users\Daniel\.m2\repository\org\dom4j\dom4j\2.1.3\dom4j-2.1.3.jar;C:\Users\Daniel\.m2\repository\org\hibernate\common\hibernate-commons-annotations\5.1.2.Final\hibernate-commons-annotations-5.1.2.Final.jar;C:\Users\Daniel\.m2\repository\org\glassfish\jaxb\jaxb-runtime\2.3.3\jaxb-runtime-2.3.3.jar;C:\Users\Daniel\.m2\repository\org\glassfish\jaxb\txw2\2.3.3\txw2-2.3.3.jar;C:\Users\Daniel\.m2\repository\com\sun\istack\istack-commons-runtime\3.0.11\istack-commons-runtime-3.0.11.jar;C:\Users\Daniel\.m2\repository\com\sun\activation\jakarta.activation\1.2.2\jakarta.activation-1.2.2.jar;C:\Users\Daniel\.m2\repository\org\springframework\data\spring-data-jpa\2.4.6\spring-data-jpa-2.4.6.jar;C:\Users\Daniel\.m2\repository\org\springframework\data\spring-data-commons\2.4.6\spring-data-commons-2.4.6.jar;C:\Users\Daniel\.m2\repository\org\springframework\spring-orm\5.3.5\spring-orm-5.3.5.jar;C:\Users\Daniel\.m2\repository\org\springframework\spring-tx\5.3.5\spring-tx-5.3.5.jar;C:\Users\Daniel\.m2\repository\org\springframework\spring-aspects\5.3.5\spring-aspects-5.3.5.jar;C:\Users\Daniel\.m2\repository\org\springframework\boot\spring-boot-starter-web\2.4.4\spring-boot-starter-web-2.4.4.jar;C:\Users\Daniel\.m2\repository\org\springframework\boot\spring-boot-starter-json\2.4.4\spring-boot-starter-json-2.4.4.jar;C:\Users\Daniel\.m2\repository\com\fasterxml\jackson\datatype\jackson-datatype-jdk8\2.11.4\jackson-datatype-jdk8-2.11.4.jar;C:\Users\Daniel\.m2\repository\com\fasterxml\jackson\module\jackson-module-parameter-names\2.11.4\jackson-module-parameter-names-2.11.4.jar;C:\Users\Daniel\.m2\repository\org\springframework\spring-web\5.3.5\spring-web-5.3.5.jar;C:\Users\Daniel\.m2\repository\org\springframework\spring-webmvc\5.3.5\spring-webmvc-5.3.5.jar;C:\Users\Daniel\.m2\repository\org\springframework\boot\spring-boot-devtools\2.4.4\spring-boot-devtools-2.4.4.jar;C:\Users\Daniel\.m2\repository\org\springframework\boot\spring-boot\2.4.4\spring-boot-2.4.4.jar;C:\Users\Daniel\.m2\repository\org\springframework\boot\spring-boot-autoconfigure\2.4.4\spring-boot-autoconfigure-2.4.4.jar;C:\Users\Daniel\.m2\repository\org\postgresql\postgresql\42.2.19\postgresql-42.2.19.jar;C:\Users\Daniel\.m2\repository\org\checkerframework\checker-qual\3.5.0\checker-qual-3.5.0.jar;C:\Users\Daniel\.m2\repository\org\springframework\boot\spring-boot-configuration-processor\2.4.4\spring-boot-configuration-processor-2.4.4.jar;C:\Users\Daniel\.m2\repository\org\projectlombok\lombok\1.18.18\lombok-1.18.18.jar;C:\Users\Daniel\.m2\repository\org\springframework\boot\spring-boot-starter-tomcat\2.4.4\spring-boot-starter-tomcat-2.4.4.jar;C:\Users\Daniel\.m2\repository\jakarta\annotation\jakarta.annotation-api\1.3.5\jakarta.annotation-api-1.3.5.jar;C:\Users\Daniel\.m2\repository\org\apache\tomcat\embed\tomcat-embed-core\9.0.44\tomcat-embed-core-9.0.44.jar;C:\Users\Daniel\.m2\repository\org\glassfish\jakarta.el\3.0.3\jakarta.el-3.0.3.jar;C:\Users\Daniel\.m2\repository\org\apache\tomcat\embed\tomcat-embed-websocket\9.0.44\tomcat-embed-websocket-9.0.44.jar;C:\Users\Daniel\.m2\repository\org\springframework\boot\spring-boot-starter-test\2.4.4\spring-boot-starter-test-2.4.4.jar;C:\Users\Daniel\.m2\repository\org\springframework\boot\spring-boot-test\2.4.4\spring-boot-test-2.4.4.jar;C:\Users\Daniel\.m2\repository\org\springframework\boot\spring-boot-test-autoconfigure\2.4.4\spring-boot-test-autoconfigure-2.4.4.jar;C:\Users\Daniel\.m2\repository\com\jayway\jsonpath\json-path\2.4.0\json-path-2.4.0.jar;C:\Users\Daniel\.m2\repository\net\minidev\json-smart\2.3\json-smart-2.3.jar;C:\Users\Daniel\.m2\repository\net\minidev\accessors-smart\1.2\accessors-smart-1.2.jar;C:\Users\Daniel\.m2\repository\jakarta\xml\bind\jakarta.xml.bind-api\2.3.3\jakarta.xml.bind-api-2.3.3.jar;C:\Users\Daniel\.m2\repository\jakarta\activation\jakarta.activation-api\1.2.2\jakarta.activation-api-1.2.2.jar;C:\Users\Daniel\.m2\repository\org\assertj\assertj-core\3.18.1\assertj-core-3.18.1.jar;C:\Users\Daniel\.m2\repository\org\hamcrest\hamcrest\2.2\hamcrest-2.2.jar;C:\Users\Daniel\.m2\repository\org\mockito\mockito-core\3.6.28\mockito-core-3.6.28.jar;C:\Users\Daniel\.m2\repository\net\bytebuddy\byte-buddy-agent\1.10.22\byte-buddy-agent-1.10.22.jar;C:\Users\Daniel\.m2\repository\org\objenesis\objenesis\3.1\objenesis-3.1.jar;C:\Users\Daniel\.m2\repository\org\mockito\mockito-junit-jupiter\3.6.28\mockito-junit-jupiter-3.6.28.jar;C:\Users\Daniel\.m2\repository\org\skyscreamer\jsonassert\1.5.0\jsonassert-1.5.0.jar;C:\Users\Daniel\.m2\repository\com\vaadin\external\google\android-json\0.0.20131108.vaadin1\android-json-0.0.20131108.vaadin1.jar;C:\Users\Daniel\.m2\repository\org\springframework\spring-core\5.3.5\spring-core-5.3.5.jar;C:\Users\Daniel\.m2\repository\org\springframework\spring-jcl\5.3.5\spring-jcl-5.3.5.jar;C:\Users\Daniel\.m2\repository\org\springframework\spring-test\5.3.5\spring-test-5.3.5.jar;C:\Users\Daniel\.m2\repository\org\xmlunit\xmlunit-core\2.7.0\xmlunit-core-2.7.0.jar;C:\Users\Daniel\.m2\repository\org\junit\jupiter\junit-jupiter\5.7.1\junit-jupiter-5.7.1.jar;C:\Users\Daniel\.m2\repository\org\junit\jupiter\junit-jupiter-params\5.7.1\junit-jupiter-params-5.7.1.jar;C:\Users\Daniel\.m2\repository\junit\junit\4.13.2\junit-4.13.2.jar;C:\Users\Daniel\.m2\repository\org\hamcrest\hamcrest-core\2.2\hamcrest-core-2.2.jar;C:\Users\Daniel\.m2\repository\org\junit\jupiter\junit-jupiter-api\5.7.1\junit-jupiter-api-5.7.1.jar;C:\Users\Daniel\.m2\repository\org\apiguardian\apiguardian-api\1.1.0\apiguardian-api-1.1.0.jar;C:\Users\Daniel\.m2\repository\org\opentest4j\opentest4j\1.2.0\opentest4j-1.2.0.jar;C:\Users\Daniel\.m2\repository\org\junit\platform\junit-platform-commons\1.7.1\junit-platform-commons-1.7.1.jar;C:\Users\Daniel\.m2\repository\org\junit\jupiter\junit-jupiter-engine\5.7.1\junit-jupiter-engine-5.7.1.jar;C:\Users\Daniel\.m2\repository\org\junit\platform\junit-platform-engine\1.7.1\junit-platform-engine-1.7.1.jar;C:\Users\Daniel\.m2\repository\org\junit\vintage\junit-vintage-engine\5.7.1\junit-vintage-engine-5.7.1.jar;C:\Users\Daniel\.m2\repository\org\jacoco\jacoco-maven-plugin\0.8.6\jacoco-maven-plugin-0.8.6.jar;C:\Users\Daniel\.m2\repository\org\apache\maven\maven-plugin-api\3.0\maven-plugin-api-3.0.jar;C:\Users\Daniel\.m2\repository\org\apache\maven\maven-model\3.0\maven-model-3.0.jar;C:\Users\Daniel\.m2\repository\org\apache\maven\maven-artifact\3.0\maven-artifact-3.0.jar;C:\Users\Daniel\.m2\repository\org\sonatype\sisu\sisu-inject-plexus\1.4.2\sisu-inject-plexus-1.4.2.jar;C:\Users\Daniel\.m2\repository\org\sonatype\sisu\sisu-inject-bean\1.4.2\sisu-inject-bean-1.4.2.jar;C:\Users\Daniel\.m2\repository\org\sonatype\sisu\sisu-guice\2.1.7\sisu-guice-2.1.7-noaop.jar;C:\Users\Daniel\.m2\repository\org\apache\maven\maven-core\3.0\maven-core-3.0.jar;C:\Users\Daniel\.m2\repository\org\apache\maven\maven-settings\3.0\maven-settings-3.0.jar;C:\Users\Daniel\.m2\repository\org\apache\maven\maven-settings-builder\3.0\maven-settings-builder-3.0.jar;C:\Users\Daniel\.m2\repository\org\apache\maven\maven-repository-metadata\3.0\maven-repository-metadata-3.0.jar;C:\Users\Daniel\.m2\repository\org\apache\maven\maven-model-builder\3.0\maven-model-builder-3.0.jar;C:\Users\Daniel\.m2\repository\org\apache\maven\maven-aether-provider\3.0\maven-aether-provider-3.0.jar;C:\Users\Daniel\.m2\repository\org\sonatype\aether\aether-impl\1.7\aether-impl-1.7.jar;C:\Users\Daniel\.m2\repository\org\sonatype\aether\aether-spi\1.7\aether-spi-1.7.jar;C:\Users\Daniel\.m2\repository\org\sonatype\aether\aether-api\1.7\aether-api-1.7.jar;C:\Users\Daniel\.m2\repository\org\sonatype\aether\aether-util\1.7\aether-util-1.7.jar;C:\Users\Daniel\.m2\repository\org\codehaus\plexus\plexus-interpolation\1.14\plexus-interpolation-1.14.jar;C:\Users\Daniel\.m2\repository\org\codehaus\plexus\plexus-classworlds\2.2.3\plexus-classworlds-2.2.3.jar;C:\Users\Daniel\.m2\repository\org\codehaus\plexus\plexus-component-annotations\1.5.5\plexus-component-annotations-1.5.5.jar;C:\Users\Daniel\.m2\repository\org\sonatype\plexus\plexus-sec-dispatcher\1.3\plexus-sec-dispatcher-1.3.jar;C:\Users\Daniel\.m2\repository\org\sonatype\plexus\plexus-cipher\1.4\plexus-cipher-1.4.jar;C:\Users\Daniel\.m2\repository\org\codehaus\plexus\plexus-utils\3.0.22\plexus-utils-3.0.22.jar;C:\Users\Daniel\.m2\repository\org\apache\maven\shared\file-management\1.2.1\file-management-1.2.1.jar;C:\Users\Daniel\.m2\repository\org\apache\maven\shared\maven-shared-io\1.1\maven-shared-io-1.1.jar;C:\Users\Daniel\.m2\repository\org\apache\maven\maven-artifact-manager\2.0.2\maven-artifact-manager-2.0.2.jar;C:\Users\Daniel\.m2\repository\org\apache\maven\wagon\wagon-provider-api\1.0-alpha-6\wagon-provider-api-1.0-alpha-6.jar;C:\Users\Daniel\.m2\repository\org\codehaus\plexus\plexus-container-default\1.0-alpha-9\plexus-container-default-1.0-alpha-9.jar;C:\Users\Daniel\.m2\repository\classworlds\classworlds\1.1-alpha-2\classworlds-1.1-alpha-2.jar;C:\Users\Daniel\.m2\repository\org\apache\maven\reporting\maven-reporting-api\3.0\maven-reporting-api-3.0.jar;C:\Users\Daniel\.m2\repository\org\apache\maven\doxia\doxia-sink-api\1.0\doxia-sink-api-1.0.jar;C:\Users\Daniel\.m2\repository\org\apache\maven\reporting\maven-reporting-impl\2.1\maven-reporting-impl-2.1.jar;C:\Users\Daniel\.m2\repository\org\apache\maven\maven-project\2.0.10\maven-project-2.0.10.jar;C:\Users\Daniel\.m2\repository\org\apache\maven\maven-profile\2.0.10\maven-profile-2.0.10.jar;C:\Users\Daniel\.m2\repository\org\apache\maven\maven-plugin-registry\2.0.10\maven-plugin-registry-2.0.10.jar;C:\Users\Daniel\.m2\repository\org\apache\maven\doxia\doxia-core\1.1.2\doxia-core-1.1.2.jar;C:\Users\Daniel\.m2\repository\org\apache\maven\doxia\doxia-logging-api\1.1.2\doxia-logging-api-1.1.2.jar;C:\Users\Daniel\.m2\repository\xerces\xercesImpl\2.8.1\xercesImpl-2.8.1.jar;C:\Users\Daniel\.m2\repository\commons-lang\commons-lang\2.4\commons-lang-2.4.jar;C:\Users\Daniel\.m2\repository\commons-httpclient\commons-httpclient\3.1\commons-httpclient-3.1.jar;C:\Users\Daniel\.m2\repository\commons-codec\commons-codec\1.15\commons-codec-1.15.jar;C:\Users\Daniel\.m2\repository\org\apache\maven\doxia\doxia-site-renderer\1.1.2\doxia-site-renderer-1.1.2.jar;C:\Users\Daniel\.m2\repository\org\apache\maven\doxia\doxia-decoration-model\1.1.2\doxia-decoration-model-1.1.2.jar;C:\Users\Daniel\.m2\repository\org\apache\maven\doxia\doxia-module-xhtml\1.1.2\doxia-module-xhtml-1.1.2.jar;C:\Users\Daniel\.m2\repository\org\apache\maven\doxia\doxia-module-fml\1.1.2\doxia-module-fml-1.1.2.jar;C:\Users\Daniel\.m2\repository\org\codehaus\plexus\plexus-i18n\1.0-beta-7\plexus-i18n-1.0-beta-7.jar;C:\Users\Daniel\.m2\repository\org\codehaus\plexus\plexus-velocity\1.1.7\plexus-velocity-1.1.7.jar;C:\Users\Daniel\.m2\repository\org\apache\velocity\velocity\1.5\velocity-1.5.jar;C:\Users\Daniel\.m2\repository\commons-collections\commons-collections\3.2\commons-collections-3.2.jar;C:\Users\Daniel\.m2\repository\commons-validator\commons-validator\1.2.0\commons-validator-1.2.0.jar;C:\Users\Daniel\.m2\repository\commons-beanutils\commons-beanutils\1.7.0\commons-beanutils-1.7.0.jar;C:\Users\Daniel\.m2\repository\commons-digester\commons-digester\1.6\commons-digester-1.6.jar;C:\Users\Daniel\.m2\repository\commons-logging\commons-logging\1.0.4\commons-logging-1.0.4.jar;C:\Users\Daniel\.m2\repository\oro\oro\2.0.8\oro-2.0.8.jar;C:\Users\Daniel\.m2\repository\xml-apis\xml-apis\1.0.b2\xml-apis-1.0.b2.jar;C:\Users\Daniel\.m2\repository\org\jacoco\org.jacoco.agent\0.8.6\org.jacoco.agent-0.8.6-runtime.jar;C:\Users\Daniel\.m2\repository\org\jacoco\org.jacoco.core\0.8.6\org.jacoco.core-0.8.6.jar;C:\Users\Daniel\.m2\repository\org\ow2\asm\asm\8.0.1\asm-8.0.1.jar;C:\Users\Daniel\.m2\repository\org\ow2\asm\asm-commons\8.0.1\asm-commons-8.0.1.jar;C:\Users\Daniel\.m2\repository\org\ow2\asm\asm-analysis\8.0.1\asm-analysis-8.0.1.jar;C:\Users\Daniel\.m2\repository\org\ow2\asm\asm-tree\8.0.1\asm-tree-8.0.1.jar;C:\Users\Daniel\.m2\repository\org\jacoco\org.jacoco.report\0.8.6\org.jacoco.report-0.8.6.jar;C:\Users\Daniel\.m2\repository\com\h2database\h2\1.4.200\h2-1.4.200.jar;C:\Users\Daniel\.m2\repository\org\springframework\boot\spring-boot-starter-security\2.4.4\spring-boot-starter-security-2.4.4.jar;C:\Users\Daniel\.m2\repository\org\springframework\spring-aop\5.3.5\spring-aop-5.3.5.jar;C:\Users\Daniel\.m2\repository\org\springframework\security\spring-security-config\5.4.5\spring-security-config-5.4.5.jar;C:\Users\Daniel\.m2\repository\org\springframework\security\spring-security-test\5.4.5\spring-security-test-5.4.5.jar;C:\Users\Daniel\.m2\repository\org\springframework\security\spring-security-core\5.4.5\spring-security-core-5.4.5.jar;C:\Users\Daniel\.m2\repository\io\jsonwebtoken\jjwt\0.9.1\jjwt-0.9.1.jar;C:\Users\Daniel\.m2\repository\com\fasterxml\jackson\core\jackson-databind\2.11.4\jackson-databind-2.11.4.jar;C:\Users\Daniel\.m2\repository\com\fasterxml\jackson\core\jackson-core\2.11.4\jackson-core-2.11.4.jar;C:\Users\Daniel\.m2\repository\org\springframework\security\spring-security-web\5.4.6\spring-security-web-5.4.6.jar;C:\Users\Daniel\.m2\repository\org\springframework\spring-beans\5.3.5\spring-beans-5.3.5.jar;C:\Users\Daniel\.m2\repository\org\springframework\spring-context\5.3.5\spring-context-5.3.5.jar;C:\Users\Daniel\.m2\repository\org\springframework\spring-expression\5.3.5\spring-expression-5.3.5.jar;C:\Users\Daniel\.m2\repository\io\springfox\springfox-boot-starter\3.0.0\springfox-boot-starter-3.0.0.jar;C:\Users\Daniel\.m2\repository\io\springfox\springfox-oas\3.0.0\springfox-oas-3.0.0.jar;C:\Users\Daniel\.m2\repository\io\swagger\core\v3\swagger-annotations\2.1.2\swagger-annotations-2.1.2.jar;C:\Users\Daniel\.m2\repository\io\swagger\core\v3\swagger-models\2.1.2\swagger-models-2.1.2.jar;C:\Users\Daniel\.m2\repository\io\springfox\springfox-spi\3.0.0\springfox-spi-3.0.0.jar;C:\Users\Daniel\.m2\repository\io\springfox\springfox-schema\3.0.0\springfox-schema-3.0.0.jar;C:\Users\Daniel\.m2\repository\io\springfox\springfox-core\3.0.0\springfox-core-3.0.0.jar;C:\Users\Daniel\.m2\repository\io\springfox\springfox-spring-web\3.0.0\springfox-spring-web-3.0.0.jar;C:\Users\Daniel\.m2\repository\io\github\classgraph\classgraph\4.8.83\classgraph-4.8.83.jar;C:\Users\Daniel\.m2\repository\io\springfox\springfox-spring-webmvc\3.0.0\springfox-spring-webmvc-3.0.0.jar;C:\Users\Daniel\.m2\repository\io\springfox\springfox-spring-webflux\3.0.0\springfox-spring-webflux-3.0.0.jar;C:\Users\Daniel\.m2\repository\io\springfox\springfox-swagger-common\3.0.0\springfox-swagger-common-3.0.0.jar;C:\Users\Daniel\.m2\repository\org\mapstruct\mapstruct\1.3.1.Final\mapstruct-1.3.1.Final.jar;C:\Users\Daniel\.m2\repository\io\springfox\springfox-data-rest\3.0.0\springfox-data-rest-3.0.0.jar;C:\Users\Daniel\.m2\repository\io\springfox\springfox-bean-validators\3.0.0\springfox-bean-validators-3.0.0.jar;C:\Users\Daniel\.m2\repository\io\springfox\springfox-swagger2\3.0.0\springfox-swagger2-3.0.0.jar;C:\Users\Daniel\.m2\repository\io\swagger\swagger-annotations\1.5.20\swagger-annotations-1.5.20.jar;C:\Users\Daniel\.m2\repository\io\swagger\swagger-models\1.5.20\swagger-models-1.5.20.jar;C:\Users\Daniel\.m2\repository\io\springfox\springfox-swagger-ui\3.0.0\springfox-swagger-ui-3.0.0.jar;C:\Users\Daniel\.m2\repository\com\fasterxml\classmate\1.5.1\classmate-1.5.1.jar;C:\Users\Daniel\.m2\repository\org\slf4j\slf4j-api\1.7.30\slf4j-api-1.7.30.jar;C:\Users\Daniel\.m2\repository\org\springframework\plugin\spring-plugin-core\2.0.0.RELEASE\spring-plugin-core-2.0.0.RELEASE.jar;C:\Users\Daniel\.m2\repository\org\springframework\plugin\spring-plugin-metadata\2.0.0.RELEASE\spring-plugin-metadata-2.0.0.RELEASE.jar;"/>
    <property name="sun.cpu.endian" value="little"/>
    <property name="user.home" value="C:\Users\Daniel"/>
    <property name="user.language" value="en"/>
    <property name="java.specification.vendor" value="Oracle Corporation"/>
    <property name="java.home" value="C:\Program Files\Java\jdk1.8.0_211\jre"/>
    <property name="basedir" value="C:\Users\Daniel\Desktop\Revature\Project2BackEnd\New Project\ByteBuildersBackEnd\project2-backend"/>
    <property name="file.separator" value="\"/>
    <property name="line.separator" value="&#10;"/>
    <property name="java.vm.specification.vendor" value="Oracle Corporation"/>
    <property name="java.specification.name" value="Java Platform API Specification"/>
    <property name="java.awt.graphicsenv" value="sun.awt.Win32GraphicsEnvironment"/>
    <property name="surefire.real.class.path" value="C:\Users\Daniel\AppData\Local\Temp\surefire7171642832724200928\surefirebooter2983922753657604809.jar;C:\\Users\\Daniel\\.m2\\repository\\org\\jacoco\\org.jacoco.agent\\0.8.6\\org.jacoco.agent-0.8.6-runtime.jar"/>
    <property name="sun.boot.class.path" value="C:\Program Files\Java\jdk1.8.0_211\jre\lib\resources.jar;C:\Program Files\Java\jdk1.8.0_211\jre\lib\rt.jar;C:\Program Files\Java\jdk1.8.0_211\jre\lib\sunrsasign.jar;C:\Program Files\Java\jdk1.8.0_211\jre\lib\jsse.jar;C:\Program Files\Java\jdk1.8.0_211\jre\lib\jce.jar;C:\Program Files\Java\jdk1.8.0_211\jre\lib\charsets.jar;C:\Program Files\Java\jdk1.8.0_211\jre\lib\jfr.jar;C:\Program Files\Java\jdk1.8.0_211\jre\classes"/>
    <property name="user.script" value=""/>
    <property name="sun.management.compiler" value="HotSpot 64-Bit Tiered Compilers"/>
    <property name="java.runtime.version" value="1.8.0_211-b12"/>
    <property name="user.name" value="Daniel"/>
    <property name="path.separator" value=";"/>
    <property name="os.version" value="10.0"/>
    <property name="java.endorsed.dirs" value="C:\Program Files\Java\jdk1.8.0_211\jre\lib\endorsed"/>
    <property name="java.runtime.name" value="Java(TM) SE Runtime Environment"/>
    <property name="file.encoding" value="Cp1252"/>
    <property name="java.vm.name" value="Java HotSpot(TM) 64-Bit Server VM"/>
    <property name="localRepository" value="C:\Users\Daniel\.m2\repository"/>
    <property name="java.vendor.url.bug" value="http://bugreport.sun.com/bugreport/"/>
    <property name="java.io.tmpdir" value="C:\Users\Daniel\AppData\Local\Temp\"/>
    <property name="idea.version" value="2021.1"/>
    <property name="java.version" value="1.8.0_211"/>
    <property name="user.dir" value="C:\Users\Daniel\Desktop\Revature\Project2BackEnd\New Project\ByteBuildersBackEnd\project2-backend"/>
    <property name="os.arch" value="amd64"/>
    <property name="java.vm.specification.name" value="Java Virtual Machine Specification"/>
    <property name="java.awt.printerjob" value="sun.awt.windows.WPrinterJob"/>
    <property name="sun.os.patch.level" value=""/>
    <property name="java.library.path" value="C:\Program Files\Java\jdk1.8.0_211\jre\bin;C:\WINDOWS\Sun\Java\bin;C:\WINDOWS\system32;C:\WINDOWS;C:\Program Files\Java\jdk1.8.0_211;C:\Python39\Scripts\;C:\Python39\;C:\Program Files (x86)\Embarcadero\Studio\20.0\bin;C:\Users\Public\Documents\Embarcadero\Studio\20.0\Bpl;C:\Program Files (x86)\Embarcadero\Studio\20.0\bin64;C:\Users\Public\Documents\Embarcadero\Studio\20.0\Bpl\Win64;C:\Program Files (x86)\Embarcadero\Studio\19.0\bin;C:\Users\Public\Documents\Embarcadero\Studio\19.0\Bpl;C:\Program Files (x86)\Embarcadero\Studio\19.0\bin64;C:\Users\Public\Documents\Embarcadero\Studio\19.0\Bpl\Win64;C:\Users\Daniel\AppData\Local\Temp\Temp1_WINDOWS.X64_193000_db_home.zip\bin;C:\app\Daniel\product\18.0.0\dbhomeXE\bin;C:\Windows\system32;C:\Windows;C:\Windows\System32\Wbem;C:\Windows\System32\WindowsPowerShell\v1.0\;C:\Program Files (x86)\NVIDIA Corporation\PhysX\Common;C:\Program Files\NVIDIA Corporation\NVIDIA NvDLISR;C:\WINDOWS\system32;C:\WINDOWS;C:\WINDOWS\System32\Wbem;C:\WINDOWS\System32\WindowsPowerShell\v1.0\;C:\WINDOWS\System32\OpenSSH\;C:\MinGW\bin;C:\Program Files (x86)\Windows Kits\10\Windows Performance Toolkit\;C:\ProgramData\chocolatey\bin;C:\Program Files (x86)\Sqlite3;C:\Program Files (x86)\Calibre2\;C:\Program Files\nodejs\;C:\Program Files\Java\jdk1.8.0_211\bin;C:\Program Files\Git\cmd;C:\Program Files\Docker\Docker\resources\bin;C:\ProgramData\DockerDesktop\version-bin;C:\Users\Daniel\Downloads\apache-maven-3.6.3\bin;C:\Users\Daniel\AppData\Local\Programs\Python\Python38-32\Scripts\;C:\Users\Daniel\AppData\Local\Programs\Python\Python38-32\;C:\Program Files\MySQL\MySQL Shell 8.0\bin\;C:\Users\Daniel\AppData\Local\Microsoft\WindowsApps;C:\Users\Daniel\AppData\Local\atom\bin;C:\Users\Daniel\AppData\Local\Programs\Microsoft VS Code\bin;C:\Users\Daniel\AppData\Local\GitHubDesktop\bin;C:\Users\Daniel\AppData\Local\Microsoft\WindowsApps;C:\Program Files\Multipass\bin;C:\Program Files\heroku\bin;C:\Program Files (x86)\Nmap;C:\Users\Daniel\AppData\Roaming\npm;C:\Program Files\Java\jdk1.8.0_211;;C:\Program Files\JetBrains\WebStorm 2021.1\bin;;C:\Program Files\JetBrains\IntelliJ IDEA 2021.1\bin;;."/>
    <property name="java.vm.info" value="mixed mode"/>
    <property name="java.vendor" value="Oracle Corporation"/>
    <property name="java.vm.version" value="25.211-b12"/>
    <property name="java.ext.dirs" value="C:\Program Files\Java\jdk1.8.0_211\jre\lib\ext;C:\WINDOWS\Sun\Java\lib\ext"/>
    <property name="sun.io.unicode.encoding" value="UnicodeLittle"/>
    <property name="java.class.version" value="52.0"/>
  </properties>
  <testcase name="checkReturningFields" classname="net.revature.binarybuiltbyte.project2.AddressTest" time="0.905">
    <failure message="No value at JSON path &quot;$.._embedded.addresses.[0]._links.byteUser&quot;" type="java.lang.AssertionError">java.lang.AssertionError: No value at JSON path "$.._embedded.addresses.[0]._links.byteUser"
	at net.revature.binarybuiltbyte.project2.AddressTest.checkReturningFields(AddressTest.java:41)
</failure>
    <system-out><![CDATA[12:23:17.116 [main] DEBUG org.springframework.test.context.junit4.SpringJUnit4ClassRunner - SpringJUnit4ClassRunner constructor called with [class net.revature.binarybuiltbyte.project2.AddressTest]
12:23:17.159 [main] DEBUG org.springframework.test.context.BootstrapUtils - Instantiating CacheAwareContextLoaderDelegate from class [org.springframework.test.context.cache.DefaultCacheAwareContextLoaderDelegate]
12:23:17.180 [main] DEBUG org.springframework.test.context.BootstrapUtils - Instantiating BootstrapContext using constructor [public org.springframework.test.context.support.DefaultBootstrapContext(java.lang.Class,org.springframework.test.context.CacheAwareContextLoaderDelegate)]
12:23:17.256 [main] DEBUG org.springframework.test.context.BootstrapUtils - Instantiating TestContextBootstrapper for test class [net.revature.binarybuiltbyte.project2.AddressTest] from class [org.springframework.boot.test.context.SpringBootTestContextBootstrapper]
12:23:17.285 [main] INFO org.springframework.boot.test.context.SpringBootTestContextBootstrapper - Neither @ContextConfiguration nor @ContextHierarchy found for test class [net.revature.binarybuiltbyte.project2.AddressTest], using SpringBootContextLoader
12:23:17.291 [main] DEBUG org.springframework.test.context.support.AbstractContextLoader - Did not detect default resource location for test class [net.revature.binarybuiltbyte.project2.AddressTest]: class path resource [net/revature/binarybuiltbyte/project2/AddressTest-context.xml] does not exist
12:23:17.292 [main] DEBUG org.springframework.test.context.support.AbstractContextLoader - Did not detect default resource location for test class [net.revature.binarybuiltbyte.project2.AddressTest]: class path resource [net/revature/binarybuiltbyte/project2/AddressTestContext.groovy] does not exist
12:23:17.292 [main] INFO org.springframework.test.context.support.AbstractContextLoader - Could not detect default resource locations for test class [net.revature.binarybuiltbyte.project2.AddressTest]: no resource found for suffixes {-context.xml, Context.groovy}.
12:23:17.293 [main] INFO org.springframework.test.context.support.AnnotationConfigContextLoaderUtils - Could not detect default configuration classes for test class [net.revature.binarybuiltbyte.project2.AddressTest]: AddressTest does not declare any static, non-private, non-final, nested classes annotated with @Configuration.
12:23:17.386 [main] DEBUG org.springframework.test.context.support.ActiveProfilesUtils - Could not find an 'annotation declaring class' for annotation type [org.springframework.test.context.ActiveProfiles] and class [net.revature.binarybuiltbyte.project2.AddressTest]
12:23:17.523 [main] DEBUG org.springframework.context.annotation.ClassPathScanningCandidateComponentProvider - Identified candidate component class: file [C:\Users\Daniel\Desktop\Revature\Project2BackEnd\New Project\ByteBuildersBackEnd\project2-backend\target\classes\net\revature\binarybuiltbyte\project2\Project2Application.class]
12:23:17.526 [main] INFO org.springframework.boot.test.context.SpringBootTestContextBootstrapper - Found @SpringBootConfiguration net.revature.binarybuiltbyte.project2.Project2Application for test class net.revature.binarybuiltbyte.project2.AddressTest
12:23:17.699 [main] DEBUG org.springframework.boot.test.context.SpringBootTestContextBootstrapper - @TestExecutionListeners is not present for class [net.revature.binarybuiltbyte.project2.AddressTest]: using defaults.
12:23:17.700 [main] INFO org.springframework.boot.test.context.SpringBootTestContextBootstrapper - Loaded default TestExecutionListener class names from location [META-INF/spring.factories]: [org.springframework.boot.test.mock.mockito.MockitoTestExecutionListener, org.springframework.boot.test.mock.mockito.ResetMocksTestExecutionListener, org.springframework.boot.test.autoconfigure.restdocs.RestDocsTestExecutionListener, org.springframework.boot.test.autoconfigure.web.client.MockRestServiceServerResetTestExecutionListener, org.springframework.boot.test.autoconfigure.web.servlet.MockMvcPrintOnlyOnFailureTestExecutionListener, org.springframework.boot.test.autoconfigure.web.servlet.WebDriverTestExecutionListener, org.springframework.boot.test.autoconfigure.webservices.client.MockWebServiceServerTestExecutionListener, org.springframework.test.context.web.ServletTestExecutionListener, org.springframework.test.context.support.DirtiesContextBeforeModesTestExecutionListener, org.springframework.test.context.event.ApplicationEventsTestExecutionListener, org.springframework.test.context.support.DependencyInjectionTestExecutionListener, org.springframework.test.context.support.DirtiesContextTestExecutionListener, org.springframework.test.context.transaction.TransactionalTestExecutionListener, org.springframework.test.context.jdbc.SqlScriptsTestExecutionListener, org.springframework.test.context.event.EventPublishingTestExecutionListener, org.springframework.security.test.context.support.WithSecurityContextTestExecutionListener, org.springframework.security.test.context.support.ReactorContextTestExecutionListener]
12:23:17.737 [main] INFO org.springframework.boot.test.context.SpringBootTestContextBootstrapper - Using TestExecutionListeners: [org.springframework.test.context.web.ServletTestExecutionListener@7079f8f0, org.springframework.test.context.support.DirtiesContextBeforeModesTestExecutionListener@121cf6f4, org.springframework.test.context.event.ApplicationEventsTestExecutionListener@7cdc4070, org.springframework.boot.test.mock.mockito.MockitoTestExecutionListener@553fbe94, org.springframework.boot.test.autoconfigure.SpringBootDependencyInjectionTestExecutionListener@6abe62bb, org.springframework.test.context.support.DirtiesContextTestExecutionListener@1f60824e, org.springframework.test.context.transaction.TransactionalTestExecutionListener@1218e12, org.springframework.test.context.jdbc.SqlScriptsTestExecutionListener@29c25bbc, org.springframework.test.context.event.EventPublishingTestExecutionListener@30704f85, org.springframework.security.test.context.support.WithSecurityContextTestExecutionListener@2b99c937, org.springframework.security.test.context.support.ReactorContextTestExecutionListener@26c59348, org.springframework.boot.test.mock.mockito.ResetMocksTestExecutionListener@1de12397, org.springframework.boot.test.autoconfigure.restdocs.RestDocsTestExecutionListener@2f5f5bc9, org.springframework.boot.test.autoconfigure.web.client.MockRestServiceServerResetTestExecutionListener@4aeaff64, org.springframework.boot.test.autoconfigure.web.servlet.MockMvcPrintOnlyOnFailureTestExecutionListener@403f7aa2, org.springframework.boot.test.autoconfigure.web.servlet.WebDriverTestExecutionListener@545604a9, org.springframework.boot.test.autoconfigure.webservices.client.MockWebServiceServerTestExecutionListener@1029cf9]
12:23:17.740 [main] DEBUG org.springframework.test.annotation.ProfileValueUtils - Retrieved @ProfileValueSourceConfiguration [null] for test class [net.revature.binarybuiltbyte.project2.AddressTest]
12:23:17.741 [main] DEBUG org.springframework.test.annotation.ProfileValueUtils - Retrieved ProfileValueSource type [class org.springframework.test.annotation.SystemProfileValueSource] for class [net.revature.binarybuiltbyte.project2.AddressTest]
12:23:17.743 [main] DEBUG org.springframework.test.annotation.ProfileValueUtils - Retrieved @ProfileValueSourceConfiguration [null] for test class [net.revature.binarybuiltbyte.project2.AddressTest]
12:23:17.743 [main] DEBUG org.springframework.test.annotation.ProfileValueUtils - Retrieved ProfileValueSource type [class org.springframework.test.annotation.SystemProfileValueSource] for class [net.revature.binarybuiltbyte.project2.AddressTest]
12:23:17.748 [main] DEBUG org.springframework.test.annotation.ProfileValueUtils - Retrieved @ProfileValueSourceConfiguration [null] for test class [net.revature.binarybuiltbyte.project2.AddressTest]
12:23:17.748 [main] DEBUG org.springframework.test.annotation.ProfileValueUtils - Retrieved ProfileValueSource type [class org.springframework.test.annotation.SystemProfileValueSource] for class [net.revature.binarybuiltbyte.project2.AddressTest]
12:23:17.777 [main] DEBUG org.springframework.test.context.junit4.SpringJUnit4ClassRunner - SpringJUnit4ClassRunner constructor called with [class net.revature.binarybuiltbyte.project2.ByteUserTest]
12:23:17.777 [main] DEBUG org.springframework.test.context.BootstrapUtils - Instantiating CacheAwareContextLoaderDelegate from class [org.springframework.test.context.cache.DefaultCacheAwareContextLoaderDelegate]
12:23:17.778 [main] DEBUG org.springframework.test.context.BootstrapUtils - Instantiating BootstrapContext using constructor [public org.springframework.test.context.support.DefaultBootstrapContext(java.lang.Class,org.springframework.test.context.CacheAwareContextLoaderDelegate)]
12:23:17.778 [main] DEBUG org.springframework.test.context.BootstrapUtils - Instantiating TestContextBootstrapper for test class [net.revature.binarybuiltbyte.project2.ByteUserTest] from class [org.springframework.boot.test.context.SpringBootTestContextBootstrapper]
12:23:17.779 [main] INFO org.springframework.boot.test.context.SpringBootTestContextBootstrapper - Neither @ContextConfiguration nor @ContextHierarchy found for test class [net.revature.binarybuiltbyte.project2.ByteUserTest], using SpringBootContextLoader
12:23:17.780 [main] DEBUG org.springframework.test.context.support.AbstractContextLoader - Did not detect default resource location for test class [net.revature.binarybuiltbyte.project2.ByteUserTest]: class path resource [net/revature/binarybuiltbyte/project2/ByteUserTest-context.xml] does not exist
12:23:17.780 [main] DEBUG org.springframework.test.context.support.AbstractContextLoader - Did not detect default resource location for test class [net.revature.binarybuiltbyte.project2.ByteUserTest]: class path resource [net/revature/binarybuiltbyte/project2/ByteUserTestContext.groovy] does not exist
12:23:17.780 [main] INFO org.springframework.test.context.support.AbstractContextLoader - Could not detect default resource locations for test class [net.revature.binarybuiltbyte.project2.ByteUserTest]: no resource found for suffixes {-context.xml, Context.groovy}.
12:23:17.780 [main] INFO org.springframework.test.context.support.AnnotationConfigContextLoaderUtils - Could not detect default configuration classes for test class [net.revature.binarybuiltbyte.project2.ByteUserTest]: ByteUserTest does not declare any static, non-private, non-final, nested classes annotated with @Configuration.
12:23:17.785 [main] DEBUG org.springframework.test.context.support.ActiveProfilesUtils - Could not find an 'annotation declaring class' for annotation type [org.springframework.test.context.ActiveProfiles] and class [net.revature.binarybuiltbyte.project2.ByteUserTest]
12:23:17.786 [main] INFO org.springframework.boot.test.context.SpringBootTestContextBootstrapper - Found @SpringBootConfiguration net.revature.binarybuiltbyte.project2.Project2Application for test class net.revature.binarybuiltbyte.project2.ByteUserTest
12:23:17.790 [main] DEBUG org.springframework.boot.test.context.SpringBootTestContextBootstrapper - @TestExecutionListeners is not present for class [net.revature.binarybuiltbyte.project2.ByteUserTest]: using defaults.
12:23:17.790 [main] INFO org.springframework.boot.test.context.SpringBootTestContextBootstrapper - Loaded default TestExecutionListener class names from location [META-INF/spring.factories]: [org.springframework.boot.test.mock.mockito.MockitoTestExecutionListener, org.springframework.boot.test.mock.mockito.ResetMocksTestExecutionListener, org.springframework.boot.test.autoconfigure.restdocs.RestDocsTestExecutionListener, org.springframework.boot.test.autoconfigure.web.client.MockRestServiceServerResetTestExecutionListener, org.springframework.boot.test.autoconfigure.web.servlet.MockMvcPrintOnlyOnFailureTestExecutionListener, org.springframework.boot.test.autoconfigure.web.servlet.WebDriverTestExecutionListener, org.springframework.boot.test.autoconfigure.webservices.client.MockWebServiceServerTestExecutionListener, org.springframework.test.context.web.ServletTestExecutionListener, org.springframework.test.context.support.DirtiesContextBeforeModesTestExecutionListener, org.springframework.test.context.event.ApplicationEventsTestExecutionListener, org.springframework.test.context.support.DependencyInjectionTestExecutionListener, org.springframework.test.context.support.DirtiesContextTestExecutionListener, org.springframework.test.context.transaction.TransactionalTestExecutionListener, org.springframework.test.context.jdbc.SqlScriptsTestExecutionListener, org.springframework.test.context.event.EventPublishingTestExecutionListener, org.springframework.security.test.context.support.WithSecurityContextTestExecutionListener, org.springframework.security.test.context.support.ReactorContextTestExecutionListener]
12:23:17.791 [main] INFO org.springframework.boot.test.context.SpringBootTestContextBootstrapper - Using TestExecutionListeners: [org.springframework.test.context.web.ServletTestExecutionListener@29519337, org.springframework.test.context.support.DirtiesContextBeforeModesTestExecutionListener@2152fde5, org.springframework.test.context.event.ApplicationEventsTestExecutionListener@5d58dc61, org.springframework.boot.test.mock.mockito.MockitoTestExecutionListener@32328dc4, org.springframework.boot.test.autoconfigure.SpringBootDependencyInjectionTestExecutionListener@17df689e, org.springframework.test.context.support.DirtiesContextTestExecutionListener@21540255, org.springframework.test.context.transaction.TransactionalTestExecutionListener@3a7469ca, org.springframework.test.context.jdbc.SqlScriptsTestExecutionListener@1c8e8fed, org.springframework.test.context.event.EventPublishingTestExecutionListener@70f98f7a, org.springframework.security.test.context.support.WithSecurityContextTestExecutionListener@713e7d9a, org.springframework.security.test.context.support.ReactorContextTestExecutionListener@681d704e, org.springframework.boot.test.mock.mockito.ResetMocksTestExecutionListener@846b47, org.springframework.boot.test.autoconfigure.restdocs.RestDocsTestExecutionListener@3c3ab672, org.springframework.boot.test.autoconfigure.web.client.MockRestServiceServerResetTestExecutionListener@3e6acec2, org.springframework.boot.test.autoconfigure.web.servlet.MockMvcPrintOnlyOnFailureTestExecutionListener@3d764641, org.springframework.boot.test.autoconfigure.web.servlet.WebDriverTestExecutionListener@1e8bccfb, org.springframework.boot.test.autoconfigure.webservices.client.MockWebServiceServerTestExecutionListener@77eb607e]
12:23:17.792 [main] DEBUG org.springframework.test.annotation.ProfileValueUtils - Retrieved @ProfileValueSourceConfiguration [null] for test class [net.revature.binarybuiltbyte.project2.ByteUserTest]
12:23:17.792 [main] DEBUG org.springframework.test.annotation.ProfileValueUtils - Retrieved ProfileValueSource type [class org.springframework.test.annotation.SystemProfileValueSource] for class [net.revature.binarybuiltbyte.project2.ByteUserTest]
12:23:17.792 [main] DEBUG org.springframework.test.annotation.ProfileValueUtils - Retrieved @ProfileValueSourceConfiguration [null] for test class [net.revature.binarybuiltbyte.project2.ByteUserTest]
12:23:17.792 [main] DEBUG org.springframework.test.annotation.ProfileValueUtils - Retrieved ProfileValueSource type [class org.springframework.test.annotation.SystemProfileValueSource] for class [net.revature.binarybuiltbyte.project2.ByteUserTest]
12:23:17.793 [main] DEBUG org.springframework.test.annotation.ProfileValueUtils - Retrieved @ProfileValueSourceConfiguration [null] for test class [net.revature.binarybuiltbyte.project2.ByteUserTest]
12:23:17.793 [main] DEBUG org.springframework.test.annotation.ProfileValueUtils - Retrieved ProfileValueSource type [class org.springframework.test.annotation.SystemProfileValueSource] for class [net.revature.binarybuiltbyte.project2.ByteUserTest]
12:23:17.797 [main] DEBUG org.springframework.test.context.junit4.SpringJUnit4ClassRunner - SpringJUnit4ClassRunner constructor called with [class net.revature.binarybuiltbyte.project2.CategoryTest]
12:23:17.797 [main] DEBUG org.springframework.test.context.BootstrapUtils - Instantiating CacheAwareContextLoaderDelegate from class [org.springframework.test.context.cache.DefaultCacheAwareContextLoaderDelegate]
12:23:17.797 [main] DEBUG org.springframework.test.context.BootstrapUtils - Instantiating BootstrapContext using constructor [public org.springframework.test.context.support.DefaultBootstrapContext(java.lang.Class,org.springframework.test.context.CacheAwareContextLoaderDelegate)]
12:23:17.798 [main] DEBUG org.springframework.test.context.BootstrapUtils - Instantiating TestContextBootstrapper for test class [net.revature.binarybuiltbyte.project2.CategoryTest] from class [org.springframework.boot.test.context.SpringBootTestContextBootstrapper]
12:23:17.798 [main] INFO org.springframework.boot.test.context.SpringBootTestContextBootstrapper - Neither @ContextConfiguration nor @ContextHierarchy found for test class [net.revature.binarybuiltbyte.project2.CategoryTest], using SpringBootContextLoader
12:23:17.799 [main] DEBUG org.springframework.test.context.support.AbstractContextLoader - Did not detect default resource location for test class [net.revature.binarybuiltbyte.project2.CategoryTest]: class path resource [net/revature/binarybuiltbyte/project2/CategoryTest-context.xml] does not exist
12:23:17.799 [main] DEBUG org.springframework.test.context.support.AbstractContextLoader - Did not detect default resource location for test class [net.revature.binarybuiltbyte.project2.CategoryTest]: class path resource [net/revature/binarybuiltbyte/project2/CategoryTestContext.groovy] does not exist
12:23:17.799 [main] INFO org.springframework.test.context.support.AbstractContextLoader - Could not detect default resource locations for test class [net.revature.binarybuiltbyte.project2.CategoryTest]: no resource found for suffixes {-context.xml, Context.groovy}.
12:23:17.799 [main] INFO org.springframework.test.context.support.AnnotationConfigContextLoaderUtils - Could not detect default configuration classes for test class [net.revature.binarybuiltbyte.project2.CategoryTest]: CategoryTest does not declare any static, non-private, non-final, nested classes annotated with @Configuration.
12:23:17.804 [main] DEBUG org.springframework.test.context.support.ActiveProfilesUtils - Could not find an 'annotation declaring class' for annotation type [org.springframework.test.context.ActiveProfiles] and class [net.revature.binarybuiltbyte.project2.CategoryTest]
12:23:17.805 [main] INFO org.springframework.boot.test.context.SpringBootTestContextBootstrapper - Found @SpringBootConfiguration net.revature.binarybuiltbyte.project2.Project2Application for test class net.revature.binarybuiltbyte.project2.CategoryTest
12:23:17.807 [main] DEBUG org.springframework.boot.test.context.SpringBootTestContextBootstrapper - @TestExecutionListeners is not present for class [net.revature.binarybuiltbyte.project2.CategoryTest]: using defaults.
12:23:17.807 [main] INFO org.springframework.boot.test.context.SpringBootTestContextBootstrapper - Loaded default TestExecutionListener class names from location [META-INF/spring.factories]: [org.springframework.boot.test.mock.mockito.MockitoTestExecutionListener, org.springframework.boot.test.mock.mockito.ResetMocksTestExecutionListener, org.springframework.boot.test.autoconfigure.restdocs.RestDocsTestExecutionListener, org.springframework.boot.test.autoconfigure.web.client.MockRestServiceServerResetTestExecutionListener, org.springframework.boot.test.autoconfigure.web.servlet.MockMvcPrintOnlyOnFailureTestExecutionListener, org.springframework.boot.test.autoconfigure.web.servlet.WebDriverTestExecutionListener, org.springframework.boot.test.autoconfigure.webservices.client.MockWebServiceServerTestExecutionListener, org.springframework.test.context.web.ServletTestExecutionListener, org.springframework.test.context.support.DirtiesContextBeforeModesTestExecutionListener, org.springframework.test.context.event.ApplicationEventsTestExecutionListener, org.springframework.test.context.support.DependencyInjectionTestExecutionListener, org.springframework.test.context.support.DirtiesContextTestExecutionListener, org.springframework.test.context.transaction.TransactionalTestExecutionListener, org.springframework.test.context.jdbc.SqlScriptsTestExecutionListener, org.springframework.test.context.event.EventPublishingTestExecutionListener, org.springframework.security.test.context.support.WithSecurityContextTestExecutionListener, org.springframework.security.test.context.support.ReactorContextTestExecutionListener]
12:23:17.808 [main] INFO org.springframework.boot.test.context.SpringBootTestContextBootstrapper - Using TestExecutionListeners: [org.springframework.test.context.web.ServletTestExecutionListener@6d31f14, org.springframework.test.context.support.DirtiesContextBeforeModesTestExecutionListener@404009df, org.springframework.test.context.event.ApplicationEventsTestExecutionListener@75e4fe3c, org.springframework.boot.test.mock.mockito.MockitoTestExecutionListener@7bda01da, org.springframework.boot.test.autoconfigure.SpringBootDependencyInjectionTestExecutionListener@65ef9a0a, org.springframework.test.context.support.DirtiesContextTestExecutionListener@25216999, org.springframework.test.context.transaction.TransactionalTestExecutionListener@77e6761f, org.springframework.test.context.jdbc.SqlScriptsTestExecutionListener@5c997de8, org.springframework.test.context.event.EventPublishingTestExecutionListener@45bf93bb, org.springframework.security.test.context.support.WithSecurityContextTestExecutionListener@6b7c4734, org.springframework.security.test.context.support.ReactorContextTestExecutionListener@2f6e92ca, org.springframework.boot.test.mock.mockito.ResetMocksTestExecutionListener@380fdcf2, org.springframework.boot.test.autoconfigure.restdocs.RestDocsTestExecutionListener@114b203, org.springframework.boot.test.autoconfigure.web.client.MockRestServiceServerResetTestExecutionListener@8d810f2, org.springframework.boot.test.autoconfigure.web.servlet.MockMvcPrintOnlyOnFailureTestExecutionListener@537b3be1, org.springframework.boot.test.autoconfigure.web.servlet.WebDriverTestExecutionListener@15d58530, org.springframework.boot.test.autoconfigure.webservices.client.MockWebServiceServerTestExecutionListener@31f5b923]
12:23:17.809 [main] DEBUG org.springframework.test.annotation.ProfileValueUtils - Retrieved @ProfileValueSourceConfiguration [null] for test class [net.revature.binarybuiltbyte.project2.CategoryTest]
12:23:17.809 [main] DEBUG org.springframework.test.annotation.ProfileValueUtils - Retrieved ProfileValueSource type [class org.springframework.test.annotation.SystemProfileValueSource] for class [net.revature.binarybuiltbyte.project2.CategoryTest]
12:23:17.809 [main] DEBUG org.springframework.test.annotation.ProfileValueUtils - Retrieved @ProfileValueSourceConfiguration [null] for test class [net.revature.binarybuiltbyte.project2.CategoryTest]
12:23:17.809 [main] DEBUG org.springframework.test.annotation.ProfileValueUtils - Retrieved ProfileValueSource type [class org.springframework.test.annotation.SystemProfileValueSource] for class [net.revature.binarybuiltbyte.project2.CategoryTest]
12:23:17.809 [main] DEBUG org.springframework.test.annotation.ProfileValueUtils - Retrieved @ProfileValueSourceConfiguration [null] for test class [net.revature.binarybuiltbyte.project2.CategoryTest]
12:23:17.809 [main] DEBUG org.springframework.test.annotation.ProfileValueUtils - Retrieved ProfileValueSource type [class org.springframework.test.annotation.SystemProfileValueSource] for class [net.revature.binarybuiltbyte.project2.CategoryTest]
12:23:17.817 [main] DEBUG org.springframework.test.context.junit4.SpringJUnit4ClassRunner - SpringJUnit4ClassRunner constructor called with [class net.revature.binarybuiltbyte.project2.PaymentTest]
12:23:17.817 [main] DEBUG org.springframework.test.context.BootstrapUtils - Instantiating CacheAwareContextLoaderDelegate from class [org.springframework.test.context.cache.DefaultCacheAwareContextLoaderDelegate]
12:23:17.817 [main] DEBUG org.springframework.test.context.BootstrapUtils - Instantiating BootstrapContext using constructor [public org.springframework.test.context.support.DefaultBootstrapContext(java.lang.Class,org.springframework.test.context.CacheAwareContextLoaderDelegate)]
12:23:17.817 [main] DEBUG org.springframework.test.context.BootstrapUtils - Instantiating TestContextBootstrapper for test class [net.revature.binarybuiltbyte.project2.PaymentTest] from class [org.springframework.boot.test.context.SpringBootTestContextBootstrapper]
12:23:17.818 [main] INFO org.springframework.boot.test.context.SpringBootTestContextBootstrapper - Neither @ContextConfiguration nor @ContextHierarchy found for test class [net.revature.binarybuiltbyte.project2.PaymentTest], using SpringBootContextLoader
12:23:17.819 [main] DEBUG org.springframework.test.context.support.AbstractContextLoader - Did not detect default resource location for test class [net.revature.binarybuiltbyte.project2.PaymentTest]: class path resource [net/revature/binarybuiltbyte/project2/PaymentTest-context.xml] does not exist
12:23:17.819 [main] DEBUG org.springframework.test.context.support.AbstractContextLoader - Did not detect default resource location for test class [net.revature.binarybuiltbyte.project2.PaymentTest]: class path resource [net/revature/binarybuiltbyte/project2/PaymentTestContext.groovy] does not exist
12:23:17.819 [main] INFO org.springframework.test.context.support.AbstractContextLoader - Could not detect default resource locations for test class [net.revature.binarybuiltbyte.project2.PaymentTest]: no resource found for suffixes {-context.xml, Context.groovy}.
12:23:17.820 [main] INFO org.springframework.test.context.support.AnnotationConfigContextLoaderUtils - Could not detect default configuration classes for test class [net.revature.binarybuiltbyte.project2.PaymentTest]: PaymentTest does not declare any static, non-private, non-final, nested classes annotated with @Configuration.
12:23:17.824 [main] DEBUG org.springframework.test.context.support.ActiveProfilesUtils - Could not find an 'annotation declaring class' for annotation type [org.springframework.test.context.ActiveProfiles] and class [net.revature.binarybuiltbyte.project2.PaymentTest]
12:23:17.824 [main] INFO org.springframework.boot.test.context.SpringBootTestContextBootstrapper - Found @SpringBootConfiguration net.revature.binarybuiltbyte.project2.Project2Application for test class net.revature.binarybuiltbyte.project2.PaymentTest
12:23:17.826 [main] DEBUG org.springframework.boot.test.context.SpringBootTestContextBootstrapper - @TestExecutionListeners is not present for class [net.revature.binarybuiltbyte.project2.PaymentTest]: using defaults.
12:23:17.826 [main] INFO org.springframework.boot.test.context.SpringBootTestContextBootstrapper - Loaded default TestExecutionListener class names from location [META-INF/spring.factories]: [org.springframework.boot.test.mock.mockito.MockitoTestExecutionListener, org.springframework.boot.test.mock.mockito.ResetMocksTestExecutionListener, org.springframework.boot.test.autoconfigure.restdocs.RestDocsTestExecutionListener, org.springframework.boot.test.autoconfigure.web.client.MockRestServiceServerResetTestExecutionListener, org.springframework.boot.test.autoconfigure.web.servlet.MockMvcPrintOnlyOnFailureTestExecutionListener, org.springframework.boot.test.autoconfigure.web.servlet.WebDriverTestExecutionListener, org.springframework.boot.test.autoconfigure.webservices.client.MockWebServiceServerTestExecutionListener, org.springframework.test.context.web.ServletTestExecutionListener, org.springframework.test.context.support.DirtiesContextBeforeModesTestExecutionListener, org.springframework.test.context.event.ApplicationEventsTestExecutionListener, org.springframework.test.context.support.DependencyInjectionTestExecutionListener, org.springframework.test.context.support.DirtiesContextTestExecutionListener, org.springframework.test.context.transaction.TransactionalTestExecutionListener, org.springframework.test.context.jdbc.SqlScriptsTestExecutionListener, org.springframework.test.context.event.EventPublishingTestExecutionListener, org.springframework.security.test.context.support.WithSecurityContextTestExecutionListener, org.springframework.security.test.context.support.ReactorContextTestExecutionListener]
12:23:17.827 [main] INFO org.springframework.boot.test.context.SpringBootTestContextBootstrapper - Using TestExecutionListeners: [org.springframework.test.context.web.ServletTestExecutionListener@356fa0d1, org.springframework.test.context.support.DirtiesContextBeforeModesTestExecutionListener@51508029, org.springframework.test.context.event.ApplicationEventsTestExecutionListener@5f20b6fe, org.springframework.boot.test.mock.mockito.MockitoTestExecutionListener@31880efa, org.springframework.boot.test.autoconfigure.SpringBootDependencyInjectionTestExecutionListener@79295932, org.springframework.test.context.support.DirtiesContextTestExecutionListener@2cadcff6, org.springframework.test.context.transaction.TransactionalTestExecutionListener@76e00bdb, org.springframework.test.context.jdbc.SqlScriptsTestExecutionListener@7ee2423, org.springframework.test.context.event.EventPublishingTestExecutionListener@343d1d25, org.springframework.security.test.context.support.WithSecurityContextTestExecutionListener@762da62b, org.springframework.security.test.context.support.ReactorContextTestExecutionListener@e5c5e6, org.springframework.boot.test.mock.mockito.ResetMocksTestExecutionListener@76dc36e5, org.springframework.boot.test.autoconfigure.restdocs.RestDocsTestExecutionListener@2a54c92e, org.springframework.boot.test.autoconfigure.web.client.MockRestServiceServerResetTestExecutionListener@31533eb1, org.springframework.boot.test.autoconfigure.web.servlet.MockMvcPrintOnlyOnFailureTestExecutionListener@1fb71788, org.springframework.boot.test.autoconfigure.web.servlet.WebDriverTestExecutionListener@8cb7185, org.springframework.boot.test.autoconfigure.webservices.client.MockWebServiceServerTestExecutionListener@4dac40b]
12:23:17.828 [main] DEBUG org.springframework.test.annotation.ProfileValueUtils - Retrieved @ProfileValueSourceConfiguration [null] for test class [net.revature.binarybuiltbyte.project2.PaymentTest]
12:23:17.828 [main] DEBUG org.springframework.test.annotation.ProfileValueUtils - Retrieved ProfileValueSource type [class org.springframework.test.annotation.SystemProfileValueSource] for class [net.revature.binarybuiltbyte.project2.PaymentTest]
12:23:17.828 [main] DEBUG org.springframework.test.annotation.ProfileValueUtils - Retrieved @ProfileValueSourceConfiguration [null] for test class [net.revature.binarybuiltbyte.project2.PaymentTest]
12:23:17.828 [main] DEBUG org.springframework.test.annotation.ProfileValueUtils - Retrieved ProfileValueSource type [class org.springframework.test.annotation.SystemProfileValueSource] for class [net.revature.binarybuiltbyte.project2.PaymentTest]
12:23:17.828 [main] DEBUG org.springframework.test.annotation.ProfileValueUtils - Retrieved @ProfileValueSourceConfiguration [null] for test class [net.revature.binarybuiltbyte.project2.PaymentTest]
12:23:17.829 [main] DEBUG org.springframework.test.annotation.ProfileValueUtils - Retrieved ProfileValueSource type [class org.springframework.test.annotation.SystemProfileValueSource] for class [net.revature.binarybuiltbyte.project2.PaymentTest]
12:23:17.833 [main] DEBUG org.springframework.test.context.junit4.SpringJUnit4ClassRunner - SpringJUnit4ClassRunner constructor called with [class net.revature.binarybuiltbyte.project2.ProductOrderTest]
12:23:17.834 [main] DEBUG org.springframework.test.context.BootstrapUtils - Instantiating CacheAwareContextLoaderDelegate from class [org.springframework.test.context.cache.DefaultCacheAwareContextLoaderDelegate]
12:23:17.834 [main] DEBUG org.springframework.test.context.BootstrapUtils - Instantiating BootstrapContext using constructor [public org.springframework.test.context.support.DefaultBootstrapContext(java.lang.Class,org.springframework.test.context.CacheAwareContextLoaderDelegate)]
12:23:17.834 [main] DEBUG org.springframework.test.context.BootstrapUtils - Instantiating TestContextBootstrapper for test class [net.revature.binarybuiltbyte.project2.ProductOrderTest] from class [org.springframework.boot.test.context.SpringBootTestContextBootstrapper]
12:23:17.835 [main] INFO org.springframework.boot.test.context.SpringBootTestContextBootstrapper - Neither @ContextConfiguration nor @ContextHierarchy found for test class [net.revature.binarybuiltbyte.project2.ProductOrderTest], using SpringBootContextLoader
12:23:17.835 [main] DEBUG org.springframework.test.context.support.AbstractContextLoader - Did not detect default resource location for test class [net.revature.binarybuiltbyte.project2.ProductOrderTest]: class path resource [net/revature/binarybuiltbyte/project2/ProductOrderTest-context.xml] does not exist
12:23:17.836 [main] DEBUG org.springframework.test.context.support.AbstractContextLoader - Did not detect default resource location for test class [net.revature.binarybuiltbyte.project2.ProductOrderTest]: class path resource [net/revature/binarybuiltbyte/project2/ProductOrderTestContext.groovy] does not exist
12:23:17.836 [main] INFO org.springframework.test.context.support.AbstractContextLoader - Could not detect default resource locations for test class [net.revature.binarybuiltbyte.project2.ProductOrderTest]: no resource found for suffixes {-context.xml, Context.groovy}.
12:23:17.836 [main] INFO org.springframework.test.context.support.AnnotationConfigContextLoaderUtils - Could not detect default configuration classes for test class [net.revature.binarybuiltbyte.project2.ProductOrderTest]: ProductOrderTest does not declare any static, non-private, non-final, nested classes annotated with @Configuration.
12:23:17.840 [main] DEBUG org.springframework.test.context.support.ActiveProfilesUtils - Could not find an 'annotation declaring class' for annotation type [org.springframework.test.context.ActiveProfiles] and class [net.revature.binarybuiltbyte.project2.ProductOrderTest]
12:23:17.840 [main] INFO org.springframework.boot.test.context.SpringBootTestContextBootstrapper - Found @SpringBootConfiguration net.revature.binarybuiltbyte.project2.Project2Application for test class net.revature.binarybuiltbyte.project2.ProductOrderTest
12:23:17.843 [main] DEBUG org.springframework.boot.test.context.SpringBootTestContextBootstrapper - @TestExecutionListeners is not present for class [net.revature.binarybuiltbyte.project2.ProductOrderTest]: using defaults.
12:23:17.843 [main] INFO org.springframework.boot.test.context.SpringBootTestContextBootstrapper - Loaded default TestExecutionListener class names from location [META-INF/spring.factories]: [org.springframework.boot.test.mock.mockito.MockitoTestExecutionListener, org.springframework.boot.test.mock.mockito.ResetMocksTestExecutionListener, org.springframework.boot.test.autoconfigure.restdocs.RestDocsTestExecutionListener, org.springframework.boot.test.autoconfigure.web.client.MockRestServiceServerResetTestExecutionListener, org.springframework.boot.test.autoconfigure.web.servlet.MockMvcPrintOnlyOnFailureTestExecutionListener, org.springframework.boot.test.autoconfigure.web.servlet.WebDriverTestExecutionListener, org.springframework.boot.test.autoconfigure.webservices.client.MockWebServiceServerTestExecutionListener, org.springframework.test.context.web.ServletTestExecutionListener, org.springframework.test.context.support.DirtiesContextBeforeModesTestExecutionListener, org.springframework.test.context.event.ApplicationEventsTestExecutionListener, org.springframework.test.context.support.DependencyInjectionTestExecutionListener, org.springframework.test.context.support.DirtiesContextTestExecutionListener, org.springframework.test.context.transaction.TransactionalTestExecutionListener, org.springframework.test.context.jdbc.SqlScriptsTestExecutionListener, org.springframework.test.context.event.EventPublishingTestExecutionListener, org.springframework.security.test.context.support.WithSecurityContextTestExecutionListener, org.springframework.security.test.context.support.ReactorContextTestExecutionListener]
12:23:17.844 [main] INFO org.springframework.boot.test.context.SpringBootTestContextBootstrapper - Using TestExecutionListeners: [org.springframework.test.context.web.ServletTestExecutionListener@6cd66f6a, org.springframework.test.context.support.DirtiesContextBeforeModesTestExecutionListener@d512c1, org.springframework.test.context.event.ApplicationEventsTestExecutionListener@578b2dec, org.springframework.boot.test.mock.mockito.MockitoTestExecutionListener@66863941, org.springframework.boot.test.autoconfigure.SpringBootDependencyInjectionTestExecutionListener@39f4a7c4, org.springframework.test.context.support.DirtiesContextTestExecutionListener@111fe921, org.springframework.test.context.transaction.TransactionalTestExecutionListener@1ff542a3, org.springframework.test.context.jdbc.SqlScriptsTestExecutionListener@48ee3c2d, org.springframework.test.context.event.EventPublishingTestExecutionListener@54387873, org.springframework.security.test.context.support.WithSecurityContextTestExecutionListener@3a80c534, org.springframework.security.test.context.support.ReactorContextTestExecutionListener@fd5689d, org.springframework.boot.test.mock.mockito.ResetMocksTestExecutionListener@36e3321e, org.springframework.boot.test.autoconfigure.restdocs.RestDocsTestExecutionListener@218f2f51, org.springframework.boot.test.autoconfigure.web.client.MockRestServiceServerResetTestExecutionListener@1d9af731, org.springframework.boot.test.autoconfigure.web.servlet.MockMvcPrintOnlyOnFailureTestExecutionListener@39afe59f, org.springframework.boot.test.autoconfigure.web.servlet.WebDriverTestExecutionListener@16f34376, org.springframework.boot.test.autoconfigure.webservices.client.MockWebServiceServerTestExecutionListener@4ede035e]
12:23:17.844 [main] DEBUG org.springframework.test.annotation.ProfileValueUtils - Retrieved @ProfileValueSourceConfiguration [null] for test class [net.revature.binarybuiltbyte.project2.ProductOrderTest]
12:23:17.845 [main] DEBUG org.springframework.test.annotation.ProfileValueUtils - Retrieved ProfileValueSource type [class org.springframework.test.annotation.SystemProfileValueSource] for class [net.revature.binarybuiltbyte.project2.ProductOrderTest]
12:23:17.845 [main] DEBUG org.springframework.test.annotation.ProfileValueUtils - Retrieved @ProfileValueSourceConfiguration [null] for test class [net.revature.binarybuiltbyte.project2.ProductOrderTest]
12:23:17.845 [main] DEBUG org.springframework.test.annotation.ProfileValueUtils - Retrieved ProfileValueSource type [class org.springframework.test.annotation.SystemProfileValueSource] for class [net.revature.binarybuiltbyte.project2.ProductOrderTest]
12:23:17.845 [main] DEBUG org.springframework.test.annotation.ProfileValueUtils - Retrieved @ProfileValueSourceConfiguration [null] for test class [net.revature.binarybuiltbyte.project2.ProductOrderTest]
12:23:17.845 [main] DEBUG org.springframework.test.annotation.ProfileValueUtils - Retrieved ProfileValueSource type [class org.springframework.test.annotation.SystemProfileValueSource] for class [net.revature.binarybuiltbyte.project2.ProductOrderTest]
12:23:17.849 [main] DEBUG org.springframework.test.context.junit4.SpringJUnit4ClassRunner - SpringJUnit4ClassRunner constructor called with [class net.revature.binarybuiltbyte.project2.ProductTest]
12:23:17.849 [main] DEBUG org.springframework.test.context.BootstrapUtils - Instantiating CacheAwareContextLoaderDelegate from class [org.springframework.test.context.cache.DefaultCacheAwareContextLoaderDelegate]
12:23:17.849 [main] DEBUG org.springframework.test.context.BootstrapUtils - Instantiating BootstrapContext using constructor [public org.springframework.test.context.support.DefaultBootstrapContext(java.lang.Class,org.springframework.test.context.CacheAwareContextLoaderDelegate)]
12:23:17.850 [main] DEBUG org.springframework.test.context.BootstrapUtils - Instantiating TestContextBootstrapper for test class [net.revature.binarybuiltbyte.project2.ProductTest] from class [org.springframework.boot.test.context.SpringBootTestContextBootstrapper]
12:23:17.850 [main] INFO org.springframework.boot.test.context.SpringBootTestContextBootstrapper - Neither @ContextConfiguration nor @ContextHierarchy found for test class [net.revature.binarybuiltbyte.project2.ProductTest], using SpringBootContextLoader
12:23:17.851 [main] DEBUG org.springframework.test.context.support.AbstractContextLoader - Did not detect default resource location for test class [net.revature.binarybuiltbyte.project2.ProductTest]: class path resource [net/revature/binarybuiltbyte/project2/ProductTest-context.xml] does not exist
12:23:17.851 [main] DEBUG org.springframework.test.context.support.AbstractContextLoader - Did not detect default resource location for test class [net.revature.binarybuiltbyte.project2.ProductTest]: class path resource [net/revature/binarybuiltbyte/project2/ProductTestContext.groovy] does not exist
12:23:17.851 [main] INFO org.springframework.test.context.support.AbstractContextLoader - Could not detect default resource locations for test class [net.revature.binarybuiltbyte.project2.ProductTest]: no resource found for suffixes {-context.xml, Context.groovy}.
12:23:17.851 [main] INFO org.springframework.test.context.support.AnnotationConfigContextLoaderUtils - Could not detect default configuration classes for test class [net.revature.binarybuiltbyte.project2.ProductTest]: ProductTest does not declare any static, non-private, non-final, nested classes annotated with @Configuration.
12:23:17.855 [main] DEBUG org.springframework.test.context.support.ActiveProfilesUtils - Could not find an 'annotation declaring class' for annotation type [org.springframework.test.context.ActiveProfiles] and class [net.revature.binarybuiltbyte.project2.ProductTest]
12:23:17.856 [main] INFO org.springframework.boot.test.context.SpringBootTestContextBootstrapper - Found @SpringBootConfiguration net.revature.binarybuiltbyte.project2.Project2Application for test class net.revature.binarybuiltbyte.project2.ProductTest
12:23:17.858 [main] DEBUG org.springframework.boot.test.context.SpringBootTestContextBootstrapper - @TestExecutionListeners is not present for class [net.revature.binarybuiltbyte.project2.ProductTest]: using defaults.
12:23:17.858 [main] INFO org.springframework.boot.test.context.SpringBootTestContextBootstrapper - Loaded default TestExecutionListener class names from location [META-INF/spring.factories]: [org.springframework.boot.test.mock.mockito.MockitoTestExecutionListener, org.springframework.boot.test.mock.mockito.ResetMocksTestExecutionListener, org.springframework.boot.test.autoconfigure.restdocs.RestDocsTestExecutionListener, org.springframework.boot.test.autoconfigure.web.client.MockRestServiceServerResetTestExecutionListener, org.springframework.boot.test.autoconfigure.web.servlet.MockMvcPrintOnlyOnFailureTestExecutionListener, org.springframework.boot.test.autoconfigure.web.servlet.WebDriverTestExecutionListener, org.springframework.boot.test.autoconfigure.webservices.client.MockWebServiceServerTestExecutionListener, org.springframework.test.context.web.ServletTestExecutionListener, org.springframework.test.context.support.DirtiesContextBeforeModesTestExecutionListener, org.springframework.test.context.event.ApplicationEventsTestExecutionListener, org.springframework.test.context.support.DependencyInjectionTestExecutionListener, org.springframework.test.context.support.DirtiesContextTestExecutionListener, org.springframework.test.context.transaction.TransactionalTestExecutionListener, org.springframework.test.context.jdbc.SqlScriptsTestExecutionListener, org.springframework.test.context.event.EventPublishingTestExecutionListener, org.springframework.security.test.context.support.WithSecurityContextTestExecutionListener, org.springframework.security.test.context.support.ReactorContextTestExecutionListener]
12:23:17.859 [main] INFO org.springframework.boot.test.context.SpringBootTestContextBootstrapper - Using TestExecutionListeners: [org.springframework.test.context.web.ServletTestExecutionListener@8ef1d58, org.springframework.test.context.support.DirtiesContextBeforeModesTestExecutionListener@2619cb76, org.springframework.test.context.event.ApplicationEventsTestExecutionListener@56f2c9e8, org.springframework.boot.test.mock.mockito.MockitoTestExecutionListener@457692cb, org.springframework.boot.test.autoconfigure.SpringBootDependencyInjectionTestExecutionListener@350342e0, org.springframework.test.context.support.DirtiesContextTestExecutionListener@5d297d4d, org.springframework.test.context.transaction.TransactionalTestExecutionListener@1dd44289, org.springframework.test.context.jdbc.SqlScriptsTestExecutionListener@6cc56b32, org.springframework.test.context.event.EventPublishingTestExecutionListener@43fe2008, org.springframework.security.test.context.support.WithSecurityContextTestExecutionListener@552bee2f, org.springframework.security.test.context.support.ReactorContextTestExecutionListener@6a543e09, org.springframework.boot.test.mock.mockito.ResetMocksTestExecutionListener@2d0f548a, org.springframework.boot.test.autoconfigure.restdocs.RestDocsTestExecutionListener@1fc3df43, org.springframework.boot.test.autoconfigure.web.client.MockRestServiceServerResetTestExecutionListener@15130002, org.springframework.boot.test.autoconfigure.web.servlet.MockMvcPrintOnlyOnFailureTestExecutionListener@5e7cd0df, org.springframework.boot.test.autoconfigure.web.servlet.WebDriverTestExecutionListener@900649e, org.springframework.boot.test.autoconfigure.webservices.client.MockWebServiceServerTestExecutionListener@8b89b3a]
12:23:17.860 [main] DEBUG org.springframework.test.annotation.ProfileValueUtils - Retrieved @ProfileValueSourceConfiguration [null] for test class [net.revature.binarybuiltbyte.project2.ProductTest]
12:23:17.860 [main] DEBUG org.springframework.test.annotation.ProfileValueUtils - Retrieved ProfileValueSource type [class org.springframework.test.annotation.SystemProfileValueSource] for class [net.revature.binarybuiltbyte.project2.ProductTest]
12:23:17.860 [main] DEBUG org.springframework.test.annotation.ProfileValueUtils - Retrieved @ProfileValueSourceConfiguration [null] for test class [net.revature.binarybuiltbyte.project2.ProductTest]
12:23:17.860 [main] DEBUG org.springframework.test.annotation.ProfileValueUtils - Retrieved ProfileValueSource type [class org.springframework.test.annotation.SystemProfileValueSource] for class [net.revature.binarybuiltbyte.project2.ProductTest]
12:23:17.860 [main] DEBUG org.springframework.test.annotation.ProfileValueUtils - Retrieved @ProfileValueSourceConfiguration [null] for test class [net.revature.binarybuiltbyte.project2.ProductTest]
12:23:17.860 [main] DEBUG org.springframework.test.annotation.ProfileValueUtils - Retrieved ProfileValueSource type [class org.springframework.test.annotation.SystemProfileValueSource] for class [net.revature.binarybuiltbyte.project2.ProductTest]
12:23:17.871 [main] DEBUG org.springframework.test.context.junit4.SpringJUnit4ClassRunner - SpringJUnit4ClassRunner constructor called with [class net.revature.binarybuiltbyte.project2.ReviewTest]
12:23:17.872 [main] DEBUG org.springframework.test.context.BootstrapUtils - Instantiating CacheAwareContextLoaderDelegate from class [org.springframework.test.context.cache.DefaultCacheAwareContextLoaderDelegate]
12:23:17.872 [main] DEBUG org.springframework.test.context.BootstrapUtils - Instantiating BootstrapContext using constructor [public org.springframework.test.context.support.DefaultBootstrapContext(java.lang.Class,org.springframework.test.context.CacheAwareContextLoaderDelegate)]
12:23:17.872 [main] DEBUG org.springframework.test.context.BootstrapUtils - Instantiating TestContextBootstrapper for test class [net.revature.binarybuiltbyte.project2.ReviewTest] from class [org.springframework.boot.test.context.SpringBootTestContextBootstrapper]
12:23:17.873 [main] INFO org.springframework.boot.test.context.SpringBootTestContextBootstrapper - Neither @ContextConfiguration nor @ContextHierarchy found for test class [net.revature.binarybuiltbyte.project2.ReviewTest], using SpringBootContextLoader
12:23:17.874 [main] DEBUG org.springframework.test.context.support.AbstractContextLoader - Did not detect default resource location for test class [net.revature.binarybuiltbyte.project2.ReviewTest]: class path resource [net/revature/binarybuiltbyte/project2/ReviewTest-context.xml] does not exist
12:23:17.874 [main] DEBUG org.springframework.test.context.support.AbstractContextLoader - Did not detect default resource location for test class [net.revature.binarybuiltbyte.project2.ReviewTest]: class path resource [net/revature/binarybuiltbyte/project2/ReviewTestContext.groovy] does not exist
12:23:17.874 [main] INFO org.springframework.test.context.support.AbstractContextLoader - Could not detect default resource locations for test class [net.revature.binarybuiltbyte.project2.ReviewTest]: no resource found for suffixes {-context.xml, Context.groovy}.
12:23:17.874 [main] INFO org.springframework.test.context.support.AnnotationConfigContextLoaderUtils - Could not detect default configuration classes for test class [net.revature.binarybuiltbyte.project2.ReviewTest]: ReviewTest does not declare any static, non-private, non-final, nested classes annotated with @Configuration.
12:23:17.878 [main] DEBUG org.springframework.test.context.support.ActiveProfilesUtils - Could not find an 'annotation declaring class' for annotation type [org.springframework.test.context.ActiveProfiles] and class [net.revature.binarybuiltbyte.project2.ReviewTest]
12:23:17.878 [main] INFO org.springframework.boot.test.context.SpringBootTestContextBootstrapper - Found @SpringBootConfiguration net.revature.binarybuiltbyte.project2.Project2Application for test class net.revature.binarybuiltbyte.project2.ReviewTest
12:23:17.880 [main] DEBUG org.springframework.boot.test.context.SpringBootTestContextBootstrapper - @TestExecutionListeners is not present for class [net.revature.binarybuiltbyte.project2.ReviewTest]: using defaults.
12:23:17.881 [main] INFO org.springframework.boot.test.context.SpringBootTestContextBootstrapper - Loaded default TestExecutionListener class names from location [META-INF/spring.factories]: [org.springframework.boot.test.mock.mockito.MockitoTestExecutionListener, org.springframework.boot.test.mock.mockito.ResetMocksTestExecutionListener, org.springframework.boot.test.autoconfigure.restdocs.RestDocsTestExecutionListener, org.springframework.boot.test.autoconfigure.web.client.MockRestServiceServerResetTestExecutionListener, org.springframework.boot.test.autoconfigure.web.servlet.MockMvcPrintOnlyOnFailureTestExecutionListener, org.springframework.boot.test.autoconfigure.web.servlet.WebDriverTestExecutionListener, org.springframework.boot.test.autoconfigure.webservices.client.MockWebServiceServerTestExecutionListener, org.springframework.test.context.web.ServletTestExecutionListener, org.springframework.test.context.support.DirtiesContextBeforeModesTestExecutionListener, org.springframework.test.context.event.ApplicationEventsTestExecutionListener, org.springframework.test.context.support.DependencyInjectionTestExecutionListener, org.springframework.test.context.support.DirtiesContextTestExecutionListener, org.springframework.test.context.transaction.TransactionalTestExecutionListener, org.springframework.test.context.jdbc.SqlScriptsTestExecutionListener, org.springframework.test.context.event.EventPublishingTestExecutionListener, org.springframework.security.test.context.support.WithSecurityContextTestExecutionListener, org.springframework.security.test.context.support.ReactorContextTestExecutionListener]
12:23:17.881 [main] INFO org.springframework.boot.test.context.SpringBootTestContextBootstrapper - Using TestExecutionListeners: [org.springframework.test.context.web.ServletTestExecutionListener@14239223, org.springframework.test.context.support.DirtiesContextBeforeModesTestExecutionListener@68df8c6, org.springframework.test.context.event.ApplicationEventsTestExecutionListener@7c206b14, org.springframework.boot.test.mock.mockito.MockitoTestExecutionListener@2b8cf049, org.springframework.boot.test.autoconfigure.SpringBootDependencyInjectionTestExecutionListener@2336cd91, org.springframework.test.context.support.DirtiesContextTestExecutionListener@4a944af9, org.springframework.test.context.transaction.TransactionalTestExecutionListener@3593e074, org.springframework.test.context.jdbc.SqlScriptsTestExecutionListener@79d14037, org.springframework.test.context.event.EventPublishingTestExecutionListener@6c1e40d9, org.springframework.security.test.context.support.WithSecurityContextTestExecutionListener@4b50c21, org.springframework.security.test.context.support.ReactorContextTestExecutionListener@2e0fdc83, org.springframework.boot.test.mock.mockito.ResetMocksTestExecutionListener@5dacf18d, org.springframework.boot.test.autoconfigure.restdocs.RestDocsTestExecutionListener@432a6a69, org.springframework.boot.test.autoconfigure.web.client.MockRestServiceServerResetTestExecutionListener@6f52a229, org.springframework.boot.test.autoconfigure.web.servlet.MockMvcPrintOnlyOnFailureTestExecutionListener@3fe98084, org.springframework.boot.test.autoconfigure.web.servlet.WebDriverTestExecutionListener@5f33e6d, org.springframework.boot.test.autoconfigure.webservices.client.MockWebServiceServerTestExecutionListener@151a6598]
12:23:17.882 [main] DEBUG org.springframework.test.annotation.ProfileValueUtils - Retrieved @ProfileValueSourceConfiguration [null] for test class [net.revature.binarybuiltbyte.project2.ReviewTest]
12:23:17.882 [main] DEBUG org.springframework.test.annotation.ProfileValueUtils - Retrieved ProfileValueSource type [class org.springframework.test.annotation.SystemProfileValueSource] for class [net.revature.binarybuiltbyte.project2.ReviewTest]
12:23:17.882 [main] DEBUG org.springframework.test.annotation.ProfileValueUtils - Retrieved @ProfileValueSourceConfiguration [null] for test class [net.revature.binarybuiltbyte.project2.ReviewTest]
12:23:17.882 [main] DEBUG org.springframework.test.annotation.ProfileValueUtils - Retrieved ProfileValueSource type [class org.springframework.test.annotation.SystemProfileValueSource] for class [net.revature.binarybuiltbyte.project2.ReviewTest]
12:23:17.882 [main] DEBUG org.springframework.test.annotation.ProfileValueUtils - Retrieved @ProfileValueSourceConfiguration [null] for test class [net.revature.binarybuiltbyte.project2.ReviewTest]
12:23:17.882 [main] DEBUG org.springframework.test.annotation.ProfileValueUtils - Retrieved ProfileValueSource type [class org.springframework.test.annotation.SystemProfileValueSource] for class [net.revature.binarybuiltbyte.project2.ReviewTest]
12:23:17.889 [main] DEBUG org.springframework.test.context.junit4.SpringJUnit4ClassRunner - SpringJUnit4ClassRunner constructor called with [class net.revature.binarybuiltbyte.project2.AddressTest]
12:23:17.889 [main] DEBUG org.springframework.test.context.BootstrapUtils - Instantiating CacheAwareContextLoaderDelegate from class [org.springframework.test.context.cache.DefaultCacheAwareContextLoaderDelegate]
12:23:17.890 [main] DEBUG org.springframework.test.context.BootstrapUtils - Instantiating BootstrapContext using constructor [public org.springframework.test.context.support.DefaultBootstrapContext(java.lang.Class,org.springframework.test.context.CacheAwareContextLoaderDelegate)]
12:23:17.890 [main] DEBUG org.springframework.test.context.BootstrapUtils - Instantiating TestContextBootstrapper for test class [net.revature.binarybuiltbyte.project2.AddressTest] from class [org.springframework.boot.test.context.SpringBootTestContextBootstrapper]
12:23:17.890 [main] INFO org.springframework.boot.test.context.SpringBootTestContextBootstrapper - Neither @ContextConfiguration nor @ContextHierarchy found for test class [net.revature.binarybuiltbyte.project2.AddressTest], using SpringBootContextLoader
12:23:17.891 [main] DEBUG org.springframework.test.context.support.AbstractContextLoader - Did not detect default resource location for test class [net.revature.binarybuiltbyte.project2.AddressTest]: class path resource [net/revature/binarybuiltbyte/project2/AddressTest-context.xml] does not exist
12:23:17.892 [main] DEBUG org.springframework.test.context.support.AbstractContextLoader - Did not detect default resource location for test class [net.revature.binarybuiltbyte.project2.AddressTest]: class path resource [net/revature/binarybuiltbyte/project2/AddressTestContext.groovy] does not exist
12:23:17.892 [main] INFO org.springframework.test.context.support.AbstractContextLoader - Could not detect default resource locations for test class [net.revature.binarybuiltbyte.project2.AddressTest]: no resource found for suffixes {-context.xml, Context.groovy}.
12:23:17.892 [main] INFO org.springframework.test.context.support.AnnotationConfigContextLoaderUtils - Could not detect default configuration classes for test class [net.revature.binarybuiltbyte.project2.AddressTest]: AddressTest does not declare any static, non-private, non-final, nested classes annotated with @Configuration.
12:23:17.895 [main] DEBUG org.springframework.test.context.support.ActiveProfilesUtils - Could not find an 'annotation declaring class' for annotation type [org.springframework.test.context.ActiveProfiles] and class [net.revature.binarybuiltbyte.project2.AddressTest]
12:23:17.896 [main] INFO org.springframework.boot.test.context.SpringBootTestContextBootstrapper - Found @SpringBootConfiguration net.revature.binarybuiltbyte.project2.Project2Application for test class net.revature.binarybuiltbyte.project2.AddressTest
12:23:17.898 [main] DEBUG org.springframework.boot.test.context.SpringBootTestContextBootstrapper - @TestExecutionListeners is not present for class [net.revature.binarybuiltbyte.project2.AddressTest]: using defaults.
12:23:17.898 [main] INFO org.springframework.boot.test.context.SpringBootTestContextBootstrapper - Loaded default TestExecutionListener class names from location [META-INF/spring.factories]: [org.springframework.boot.test.mock.mockito.MockitoTestExecutionListener, org.springframework.boot.test.mock.mockito.ResetMocksTestExecutionListener, org.springframework.boot.test.autoconfigure.restdocs.RestDocsTestExecutionListener, org.springframework.boot.test.autoconfigure.web.client.MockRestServiceServerResetTestExecutionListener, org.springframework.boot.test.autoconfigure.web.servlet.MockMvcPrintOnlyOnFailureTestExecutionListener, org.springframework.boot.test.autoconfigure.web.servlet.WebDriverTestExecutionListener, org.springframework.boot.test.autoconfigure.webservices.client.MockWebServiceServerTestExecutionListener, org.springframework.test.context.web.ServletTestExecutionListener, org.springframework.test.context.support.DirtiesContextBeforeModesTestExecutionListener, org.springframework.test.context.event.ApplicationEventsTestExecutionListener, org.springframework.test.context.support.DependencyInjectionTestExecutionListener, org.springframework.test.context.support.DirtiesContextTestExecutionListener, org.springframework.test.context.transaction.TransactionalTestExecutionListener, org.springframework.test.context.jdbc.SqlScriptsTestExecutionListener, org.springframework.test.context.event.EventPublishingTestExecutionListener, org.springframework.security.test.context.support.WithSecurityContextTestExecutionListener, org.springframework.security.test.context.support.ReactorContextTestExecutionListener]
12:23:17.899 [main] INFO org.springframework.boot.test.context.SpringBootTestContextBootstrapper - Using TestExecutionListeners: [org.springframework.test.context.web.ServletTestExecutionListener@d0fabc8, org.springframework.test.context.support.DirtiesContextBeforeModesTestExecutionListener@12d44a2a, org.springframework.test.context.event.ApplicationEventsTestExecutionListener@1a66be41, org.springframework.boot.test.mock.mockito.MockitoTestExecutionListener@7f70e244, org.springframework.boot.test.autoconfigure.SpringBootDependencyInjectionTestExecutionListener@fd14789, org.springframework.test.context.support.DirtiesContextTestExecutionListener@3f64d943, org.springframework.test.context.transaction.TransactionalTestExecutionListener@105ffc58, org.springframework.test.context.jdbc.SqlScriptsTestExecutionListener@68454ed5, org.springframework.test.context.event.EventPublishingTestExecutionListener@6d2db15b, org.springframework.security.test.context.support.WithSecurityContextTestExecutionListener@749ad37c, org.springframework.security.test.context.support.ReactorContextTestExecutionListener@1b485c8b, org.springframework.boot.test.mock.mockito.ResetMocksTestExecutionListener@59b98ad1, org.springframework.boot.test.autoconfigure.restdocs.RestDocsTestExecutionListener@591e5fd4, org.springframework.boot.test.autoconfigure.web.client.MockRestServiceServerResetTestExecutionListener@7bbd76b8, org.springframework.boot.test.autoconfigure.web.servlet.MockMvcPrintOnlyOnFailureTestExecutionListener@2248d140, org.springframework.boot.test.autoconfigure.web.servlet.WebDriverTestExecutionListener@37b238da, org.springframework.boot.test.autoconfigure.webservices.client.MockWebServiceServerTestExecutionListener@1c792107]
12:23:17.899 [main] DEBUG org.springframework.test.annotation.ProfileValueUtils - Retrieved @ProfileValueSourceConfiguration [null] for test class [net.revature.binarybuiltbyte.project2.AddressTest]
12:23:17.899 [main] DEBUG org.springframework.test.annotation.ProfileValueUtils - Retrieved ProfileValueSource type [class org.springframework.test.annotation.SystemProfileValueSource] for class [net.revature.binarybuiltbyte.project2.AddressTest]
12:23:17.899 [main] DEBUG org.springframework.test.annotation.ProfileValueUtils - Retrieved @ProfileValueSourceConfiguration [null] for test class [net.revature.binarybuiltbyte.project2.AddressTest]
12:23:17.900 [main] DEBUG org.springframework.test.annotation.ProfileValueUtils - Retrieved ProfileValueSource type [class org.springframework.test.annotation.SystemProfileValueSource] for class [net.revature.binarybuiltbyte.project2.AddressTest]
12:23:17.900 [main] DEBUG org.springframework.test.annotation.ProfileValueUtils - Retrieved @ProfileValueSourceConfiguration [null] for test class [net.revature.binarybuiltbyte.project2.AddressTest]
12:23:17.900 [main] DEBUG org.springframework.test.annotation.ProfileValueUtils - Retrieved ProfileValueSource type [class org.springframework.test.annotation.SystemProfileValueSource] for class [net.revature.binarybuiltbyte.project2.AddressTest]
12:23:17.900 [main] DEBUG org.springframework.test.context.junit4.SpringJUnit4ClassRunner - SpringJUnit4ClassRunner constructor called with [class net.revature.binarybuiltbyte.project2.ByteUserTest]
12:23:17.900 [main] DEBUG org.springframework.test.context.BootstrapUtils - Instantiating CacheAwareContextLoaderDelegate from class [org.springframework.test.context.cache.DefaultCacheAwareContextLoaderDelegate]
12:23:17.900 [main] DEBUG org.springframework.test.context.BootstrapUtils - Instantiating BootstrapContext using constructor [public org.springframework.test.context.support.DefaultBootstrapContext(java.lang.Class,org.springframework.test.context.CacheAwareContextLoaderDelegate)]
12:23:17.901 [main] DEBUG org.springframework.test.context.BootstrapUtils - Instantiating TestContextBootstrapper for test class [net.revature.binarybuiltbyte.project2.ByteUserTest] from class [org.springframework.boot.test.context.SpringBootTestContextBootstrapper]
12:23:17.901 [main] INFO org.springframework.boot.test.context.SpringBootTestContextBootstrapper - Neither @ContextConfiguration nor @ContextHierarchy found for test class [net.revature.binarybuiltbyte.project2.ByteUserTest], using SpringBootContextLoader
12:23:17.902 [main] DEBUG org.springframework.test.context.support.AbstractContextLoader - Did not detect default resource location for test class [net.revature.binarybuiltbyte.project2.ByteUserTest]: class path resource [net/revature/binarybuiltbyte/project2/ByteUserTest-context.xml] does not exist
12:23:17.902 [main] DEBUG org.springframework.test.context.support.AbstractContextLoader - Did not detect default resource location for test class [net.revature.binarybuiltbyte.project2.ByteUserTest]: class path resource [net/revature/binarybuiltbyte/project2/ByteUserTestContext.groovy] does not exist
12:23:17.902 [main] INFO org.springframework.test.context.support.AbstractContextLoader - Could not detect default resource locations for test class [net.revature.binarybuiltbyte.project2.ByteUserTest]: no resource found for suffixes {-context.xml, Context.groovy}.
12:23:17.902 [main] INFO org.springframework.test.context.support.AnnotationConfigContextLoaderUtils - Could not detect default configuration classes for test class [net.revature.binarybuiltbyte.project2.ByteUserTest]: ByteUserTest does not declare any static, non-private, non-final, nested classes annotated with @Configuration.
12:23:17.904 [main] DEBUG org.springframework.test.context.support.ActiveProfilesUtils - Could not find an 'annotation declaring class' for annotation type [org.springframework.test.context.ActiveProfiles] and class [net.revature.binarybuiltbyte.project2.ByteUserTest]
12:23:17.905 [main] INFO org.springframework.boot.test.context.SpringBootTestContextBootstrapper - Found @SpringBootConfiguration net.revature.binarybuiltbyte.project2.Project2Application for test class net.revature.binarybuiltbyte.project2.ByteUserTest
12:23:17.907 [main] DEBUG org.springframework.boot.test.context.SpringBootTestContextBootstrapper - @TestExecutionListeners is not present for class [net.revature.binarybuiltbyte.project2.ByteUserTest]: using defaults.
12:23:17.907 [main] INFO org.springframework.boot.test.context.SpringBootTestContextBootstrapper - Loaded default TestExecutionListener class names from location [META-INF/spring.factories]: [org.springframework.boot.test.mock.mockito.MockitoTestExecutionListener, org.springframework.boot.test.mock.mockito.ResetMocksTestExecutionListener, org.springframework.boot.test.autoconfigure.restdocs.RestDocsTestExecutionListener, org.springframework.boot.test.autoconfigure.web.client.MockRestServiceServerResetTestExecutionListener, org.springframework.boot.test.autoconfigure.web.servlet.MockMvcPrintOnlyOnFailureTestExecutionListener, org.springframework.boot.test.autoconfigure.web.servlet.WebDriverTestExecutionListener, org.springframework.boot.test.autoconfigure.webservices.client.MockWebServiceServerTestExecutionListener, org.springframework.test.context.web.ServletTestExecutionListener, org.springframework.test.context.support.DirtiesContextBeforeModesTestExecutionListener, org.springframework.test.context.event.ApplicationEventsTestExecutionListener, org.springframework.test.context.support.DependencyInjectionTestExecutionListener, org.springframework.test.context.support.DirtiesContextTestExecutionListener, org.springframework.test.context.transaction.TransactionalTestExecutionListener, org.springframework.test.context.jdbc.SqlScriptsTestExecutionListener, org.springframework.test.context.event.EventPublishingTestExecutionListener, org.springframework.security.test.context.support.WithSecurityContextTestExecutionListener, org.springframework.security.test.context.support.ReactorContextTestExecutionListener]
12:23:17.908 [main] INFO org.springframework.boot.test.context.SpringBootTestContextBootstrapper - Using TestExecutionListeners: [org.springframework.test.context.web.ServletTestExecutionListener@68479e8b, org.springframework.test.context.support.DirtiesContextBeforeModesTestExecutionListener@4e951fb1, org.springframework.test.context.event.ApplicationEventsTestExecutionListener@1b317e7d, org.springframework.boot.test.mock.mockito.MockitoTestExecutionListener@1bb4c431, org.springframework.boot.test.autoconfigure.SpringBootDependencyInjectionTestExecutionListener@4fd3b20a, org.springframework.test.context.support.DirtiesContextTestExecutionListener@295d54d6, org.springframework.test.context.transaction.TransactionalTestExecutionListener@398f0516, org.springframework.test.context.jdbc.SqlScriptsTestExecutionListener@4a7db5a, org.springframework.test.context.event.EventPublishingTestExecutionListener@56b66a26, org.springframework.security.test.context.support.WithSecurityContextTestExecutionListener@158e6fc2, org.springframework.security.test.context.support.ReactorContextTestExecutionListener@54687fd0, org.springframework.boot.test.mock.mockito.ResetMocksTestExecutionListener@6eaf030c, org.springframework.boot.test.autoconfigure.restdocs.RestDocsTestExecutionListener@b2da3a5, org.springframework.boot.test.autoconfigure.web.client.MockRestServiceServerResetTestExecutionListener@6dbb3d7d, org.springframework.boot.test.autoconfigure.web.servlet.MockMvcPrintOnlyOnFailureTestExecutionListener@7a3a49e5, org.springframework.boot.test.autoconfigure.web.servlet.WebDriverTestExecutionListener@6c1b82cd, org.springframework.boot.test.autoconfigure.webservices.client.MockWebServiceServerTestExecutionListener@acd3460]
12:23:17.908 [main] DEBUG org.springframework.test.annotation.ProfileValueUtils - Retrieved @ProfileValueSourceConfiguration [null] for test class [net.revature.binarybuiltbyte.project2.ByteUserTest]
12:23:17.908 [main] DEBUG org.springframework.test.annotation.ProfileValueUtils - Retrieved ProfileValueSource type [class org.springframework.test.annotation.SystemProfileValueSource] for class [net.revature.binarybuiltbyte.project2.ByteUserTest]
12:23:17.908 [main] DEBUG org.springframework.test.annotation.ProfileValueUtils - Retrieved @ProfileValueSourceConfiguration [null] for test class [net.revature.binarybuiltbyte.project2.ByteUserTest]
12:23:17.909 [main] DEBUG org.springframework.test.annotation.ProfileValueUtils - Retrieved ProfileValueSource type [class org.springframework.test.annotation.SystemProfileValueSource] for class [net.revature.binarybuiltbyte.project2.ByteUserTest]
12:23:17.909 [main] DEBUG org.springframework.test.annotation.ProfileValueUtils - Retrieved @ProfileValueSourceConfiguration [null] for test class [net.revature.binarybuiltbyte.project2.ByteUserTest]
12:23:17.909 [main] DEBUG org.springframework.test.annotation.ProfileValueUtils - Retrieved ProfileValueSource type [class org.springframework.test.annotation.SystemProfileValueSource] for class [net.revature.binarybuiltbyte.project2.ByteUserTest]
12:23:17.909 [main] DEBUG org.springframework.test.context.junit4.SpringJUnit4ClassRunner - SpringJUnit4ClassRunner constructor called with [class net.revature.binarybuiltbyte.project2.CategoryTest]
12:23:17.909 [main] DEBUG org.springframework.test.context.BootstrapUtils - Instantiating CacheAwareContextLoaderDelegate from class [org.springframework.test.context.cache.DefaultCacheAwareContextLoaderDelegate]
12:23:17.909 [main] DEBUG org.springframework.test.context.BootstrapUtils - Instantiating BootstrapContext using constructor [public org.springframework.test.context.support.DefaultBootstrapContext(java.lang.Class,org.springframework.test.context.CacheAwareContextLoaderDelegate)]
12:23:17.909 [main] DEBUG org.springframework.test.context.BootstrapUtils - Instantiating TestContextBootstrapper for test class [net.revature.binarybuiltbyte.project2.CategoryTest] from class [org.springframework.boot.test.context.SpringBootTestContextBootstrapper]
12:23:17.910 [main] INFO org.springframework.boot.test.context.SpringBootTestContextBootstrapper - Neither @ContextConfiguration nor @ContextHierarchy found for test class [net.revature.binarybuiltbyte.project2.CategoryTest], using SpringBootContextLoader
12:23:17.910 [main] DEBUG org.springframework.test.context.support.AbstractContextLoader - Did not detect default resource location for test class [net.revature.binarybuiltbyte.project2.CategoryTest]: class path resource [net/revature/binarybuiltbyte/project2/CategoryTest-context.xml] does not exist
12:23:17.910 [main] DEBUG org.springframework.test.context.support.AbstractContextLoader - Did not detect default resource location for test class [net.revature.binarybuiltbyte.project2.CategoryTest]: class path resource [net/revature/binarybuiltbyte/project2/CategoryTestContext.groovy] does not exist
12:23:17.910 [main] INFO org.springframework.test.context.support.AbstractContextLoader - Could not detect default resource locations for test class [net.revature.binarybuiltbyte.project2.CategoryTest]: no resource found for suffixes {-context.xml, Context.groovy}.
12:23:17.911 [main] INFO org.springframework.test.context.support.AnnotationConfigContextLoaderUtils - Could not detect default configuration classes for test class [net.revature.binarybuiltbyte.project2.CategoryTest]: CategoryTest does not declare any static, non-private, non-final, nested classes annotated with @Configuration.
12:23:17.913 [main] DEBUG org.springframework.test.context.support.ActiveProfilesUtils - Could not find an 'annotation declaring class' for annotation type [org.springframework.test.context.ActiveProfiles] and class [net.revature.binarybuiltbyte.project2.CategoryTest]
12:23:17.914 [main] INFO org.springframework.boot.test.context.SpringBootTestContextBootstrapper - Found @SpringBootConfiguration net.revature.binarybuiltbyte.project2.Project2Application for test class net.revature.binarybuiltbyte.project2.CategoryTest
12:23:17.916 [main] DEBUG org.springframework.boot.test.context.SpringBootTestContextBootstrapper - @TestExecutionListeners is not present for class [net.revature.binarybuiltbyte.project2.CategoryTest]: using defaults.
12:23:17.916 [main] INFO org.springframework.boot.test.context.SpringBootTestContextBootstrapper - Loaded default TestExecutionListener class names from location [META-INF/spring.factories]: [org.springframework.boot.test.mock.mockito.MockitoTestExecutionListener, org.springframework.boot.test.mock.mockito.ResetMocksTestExecutionListener, org.springframework.boot.test.autoconfigure.restdocs.RestDocsTestExecutionListener, org.springframework.boot.test.autoconfigure.web.client.MockRestServiceServerResetTestExecutionListener, org.springframework.boot.test.autoconfigure.web.servlet.MockMvcPrintOnlyOnFailureTestExecutionListener, org.springframework.boot.test.autoconfigure.web.servlet.WebDriverTestExecutionListener, org.springframework.boot.test.autoconfigure.webservices.client.MockWebServiceServerTestExecutionListener, org.springframework.test.context.web.ServletTestExecutionListener, org.springframework.test.context.support.DirtiesContextBeforeModesTestExecutionListener, org.springframework.test.context.event.ApplicationEventsTestExecutionListener, org.springframework.test.context.support.DependencyInjectionTestExecutionListener, org.springframework.test.context.support.DirtiesContextTestExecutionListener, org.springframework.test.context.transaction.TransactionalTestExecutionListener, org.springframework.test.context.jdbc.SqlScriptsTestExecutionListener, org.springframework.test.context.event.EventPublishingTestExecutionListener, org.springframework.security.test.context.support.WithSecurityContextTestExecutionListener, org.springframework.security.test.context.support.ReactorContextTestExecutionListener]
12:23:17.917 [main] INFO org.springframework.boot.test.context.SpringBootTestContextBootstrapper - Using TestExecutionListeners: [org.springframework.test.context.web.ServletTestExecutionListener@16f4a3c0, org.springframework.test.context.support.DirtiesContextBeforeModesTestExecutionListener@26495639, org.springframework.test.context.event.ApplicationEventsTestExecutionListener@45c408a4, org.springframework.boot.test.mock.mockito.MockitoTestExecutionListener@369a95a5, org.springframework.boot.test.autoconfigure.SpringBootDependencyInjectionTestExecutionListener@543da15, org.springframework.test.context.support.DirtiesContextTestExecutionListener@69d7bc1a, org.springframework.test.context.transaction.TransactionalTestExecutionListener@cb318ac, org.springframework.test.context.jdbc.SqlScriptsTestExecutionListener@6e668322, org.springframework.test.context.event.EventPublishingTestExecutionListener@75ee6f89, org.springframework.security.test.context.support.WithSecurityContextTestExecutionListener@210d3a42, org.springframework.security.test.context.support.ReactorContextTestExecutionListener@356f20b7, org.springframework.boot.test.mock.mockito.ResetMocksTestExecutionListener@6f4adaab, org.springframework.boot.test.autoconfigure.restdocs.RestDocsTestExecutionListener@69de72ec, org.springframework.boot.test.autoconfigure.web.client.MockRestServiceServerResetTestExecutionListener@21c99abf, org.springframework.boot.test.autoconfigure.web.servlet.MockMvcPrintOnlyOnFailureTestExecutionListener@6d6f6ca9, org.springframework.boot.test.autoconfigure.web.servlet.WebDriverTestExecutionListener@54496c2d, org.springframework.boot.test.autoconfigure.webservices.client.MockWebServiceServerTestExecutionListener@4e1a3d5a]
12:23:17.917 [main] DEBUG org.springframework.test.annotation.ProfileValueUtils - Retrieved @ProfileValueSourceConfiguration [null] for test class [net.revature.binarybuiltbyte.project2.CategoryTest]
12:23:17.918 [main] DEBUG org.springframework.test.annotation.ProfileValueUtils - Retrieved ProfileValueSource type [class org.springframework.test.annotation.SystemProfileValueSource] for class [net.revature.binarybuiltbyte.project2.CategoryTest]
12:23:17.918 [main] DEBUG org.springframework.test.annotation.ProfileValueUtils - Retrieved @ProfileValueSourceConfiguration [null] for test class [net.revature.binarybuiltbyte.project2.CategoryTest]
12:23:17.918 [main] DEBUG org.springframework.test.annotation.ProfileValueUtils - Retrieved ProfileValueSource type [class org.springframework.test.annotation.SystemProfileValueSource] for class [net.revature.binarybuiltbyte.project2.CategoryTest]
12:23:17.918 [main] DEBUG org.springframework.test.annotation.ProfileValueUtils - Retrieved @ProfileValueSourceConfiguration [null] for test class [net.revature.binarybuiltbyte.project2.CategoryTest]
12:23:17.918 [main] DEBUG org.springframework.test.annotation.ProfileValueUtils - Retrieved ProfileValueSource type [class org.springframework.test.annotation.SystemProfileValueSource] for class [net.revature.binarybuiltbyte.project2.CategoryTest]
12:23:17.918 [main] DEBUG org.springframework.test.context.junit4.SpringJUnit4ClassRunner - SpringJUnit4ClassRunner constructor called with [class net.revature.binarybuiltbyte.project2.PaymentTest]
12:23:17.919 [main] DEBUG org.springframework.test.context.BootstrapUtils - Instantiating CacheAwareContextLoaderDelegate from class [org.springframework.test.context.cache.DefaultCacheAwareContextLoaderDelegate]
12:23:17.919 [main] DEBUG org.springframework.test.context.BootstrapUtils - Instantiating BootstrapContext using constructor [public org.springframework.test.context.support.DefaultBootstrapContext(java.lang.Class,org.springframework.test.context.CacheAwareContextLoaderDelegate)]
12:23:17.919 [main] DEBUG org.springframework.test.context.BootstrapUtils - Instantiating TestContextBootstrapper for test class [net.revature.binarybuiltbyte.project2.PaymentTest] from class [org.springframework.boot.test.context.SpringBootTestContextBootstrapper]
12:23:17.919 [main] INFO org.springframework.boot.test.context.SpringBootTestContextBootstrapper - Neither @ContextConfiguration nor @ContextHierarchy found for test class [net.revature.binarybuiltbyte.project2.PaymentTest], using SpringBootContextLoader
12:23:17.920 [main] DEBUG org.springframework.test.context.support.AbstractContextLoader - Did not detect default resource location for test class [net.revature.binarybuiltbyte.project2.PaymentTest]: class path resource [net/revature/binarybuiltbyte/project2/PaymentTest-context.xml] does not exist
12:23:17.921 [main] DEBUG org.springframework.test.context.support.AbstractContextLoader - Did not detect default resource location for test class [net.revature.binarybuiltbyte.project2.PaymentTest]: class path resource [net/revature/binarybuiltbyte/project2/PaymentTestContext.groovy] does not exist
12:23:17.921 [main] INFO org.springframework.test.context.support.AbstractContextLoader - Could not detect default resource locations for test class [net.revature.binarybuiltbyte.project2.PaymentTest]: no resource found for suffixes {-context.xml, Context.groovy}.
12:23:17.921 [main] INFO org.springframework.test.context.support.AnnotationConfigContextLoaderUtils - Could not detect default configuration classes for test class [net.revature.binarybuiltbyte.project2.PaymentTest]: PaymentTest does not declare any static, non-private, non-final, nested classes annotated with @Configuration.
12:23:17.925 [main] DEBUG org.springframework.test.context.support.ActiveProfilesUtils - Could not find an 'annotation declaring class' for annotation type [org.springframework.test.context.ActiveProfiles] and class [net.revature.binarybuiltbyte.project2.PaymentTest]
12:23:17.926 [main] INFO org.springframework.boot.test.context.SpringBootTestContextBootstrapper - Found @SpringBootConfiguration net.revature.binarybuiltbyte.project2.Project2Application for test class net.revature.binarybuiltbyte.project2.PaymentTest
12:23:17.930 [main] DEBUG org.springframework.boot.test.context.SpringBootTestContextBootstrapper - @TestExecutionListeners is not present for class [net.revature.binarybuiltbyte.project2.PaymentTest]: using defaults.
12:23:17.930 [main] INFO org.springframework.boot.test.context.SpringBootTestContextBootstrapper - Loaded default TestExecutionListener class names from location [META-INF/spring.factories]: [org.springframework.boot.test.mock.mockito.MockitoTestExecutionListener, org.springframework.boot.test.mock.mockito.ResetMocksTestExecutionListener, org.springframework.boot.test.autoconfigure.restdocs.RestDocsTestExecutionListener, org.springframework.boot.test.autoconfigure.web.client.MockRestServiceServerResetTestExecutionListener, org.springframework.boot.test.autoconfigure.web.servlet.MockMvcPrintOnlyOnFailureTestExecutionListener, org.springframework.boot.test.autoconfigure.web.servlet.WebDriverTestExecutionListener, org.springframework.boot.test.autoconfigure.webservices.client.MockWebServiceServerTestExecutionListener, org.springframework.test.context.web.ServletTestExecutionListener, org.springframework.test.context.support.DirtiesContextBeforeModesTestExecutionListener, org.springframework.test.context.event.ApplicationEventsTestExecutionListener, org.springframework.test.context.support.DependencyInjectionTestExecutionListener, org.springframework.test.context.support.DirtiesContextTestExecutionListener, org.springframework.test.context.transaction.TransactionalTestExecutionListener, org.springframework.test.context.jdbc.SqlScriptsTestExecutionListener, org.springframework.test.context.event.EventPublishingTestExecutionListener, org.springframework.security.test.context.support.WithSecurityContextTestExecutionListener, org.springframework.security.test.context.support.ReactorContextTestExecutionListener]
12:23:17.931 [main] INFO org.springframework.boot.test.context.SpringBootTestContextBootstrapper - Using TestExecutionListeners: [org.springframework.test.context.web.ServletTestExecutionListener@35f760a4, org.springframework.test.context.support.DirtiesContextBeforeModesTestExecutionListener@2ac05a33, org.springframework.test.context.event.ApplicationEventsTestExecutionListener@35af52dc, org.springframework.boot.test.mock.mockito.MockitoTestExecutionListener@4cef0747, org.springframework.boot.test.autoconfigure.SpringBootDependencyInjectionTestExecutionListener@4213bc3e, org.springframework.test.context.support.DirtiesContextTestExecutionListener@6aaa678d, org.springframework.test.context.transaction.TransactionalTestExecutionListener@25dcf1b6, org.springframework.test.context.jdbc.SqlScriptsTestExecutionListener@113d0f75, org.springframework.test.context.event.EventPublishingTestExecutionListener@4e10a320, org.springframework.security.test.context.support.WithSecurityContextTestExecutionListener@773f3360, org.springframework.security.test.context.support.ReactorContextTestExecutionListener@352c3d70, org.springframework.boot.test.mock.mockito.ResetMocksTestExecutionListener@4c13ca07, org.springframework.boot.test.autoconfigure.restdocs.RestDocsTestExecutionListener@7d17906, org.springframework.boot.test.autoconfigure.web.client.MockRestServiceServerResetTestExecutionListener@97beeaf, org.springframework.boot.test.autoconfigure.web.servlet.MockMvcPrintOnlyOnFailureTestExecutionListener@5d68954d, org.springframework.boot.test.autoconfigure.web.servlet.WebDriverTestExecutionListener@f793f15, org.springframework.boot.test.autoconfigure.webservices.client.MockWebServiceServerTestExecutionListener@3ec7eb5]
12:23:17.931 [main] DEBUG org.springframework.test.annotation.ProfileValueUtils - Retrieved @ProfileValueSourceConfiguration [null] for test class [net.revature.binarybuiltbyte.project2.PaymentTest]
12:23:17.931 [main] DEBUG org.springframework.test.annotation.ProfileValueUtils - Retrieved ProfileValueSource type [class org.springframework.test.annotation.SystemProfileValueSource] for class [net.revature.binarybuiltbyte.project2.PaymentTest]
12:23:17.931 [main] DEBUG org.springframework.test.annotation.ProfileValueUtils - Retrieved @ProfileValueSourceConfiguration [null] for test class [net.revature.binarybuiltbyte.project2.PaymentTest]
12:23:17.931 [main] DEBUG org.springframework.test.annotation.ProfileValueUtils - Retrieved ProfileValueSource type [class org.springframework.test.annotation.SystemProfileValueSource] for class [net.revature.binarybuiltbyte.project2.PaymentTest]
12:23:17.932 [main] DEBUG org.springframework.test.annotation.ProfileValueUtils - Retrieved @ProfileValueSourceConfiguration [null] for test class [net.revature.binarybuiltbyte.project2.PaymentTest]
12:23:17.932 [main] DEBUG org.springframework.test.annotation.ProfileValueUtils - Retrieved ProfileValueSource type [class org.springframework.test.annotation.SystemProfileValueSource] for class [net.revature.binarybuiltbyte.project2.PaymentTest]
12:23:17.932 [main] DEBUG org.springframework.test.context.junit4.SpringJUnit4ClassRunner - SpringJUnit4ClassRunner constructor called with [class net.revature.binarybuiltbyte.project2.ProductOrderTest]
12:23:17.933 [main] DEBUG org.springframework.test.context.BootstrapUtils - Instantiating CacheAwareContextLoaderDelegate from class [org.springframework.test.context.cache.DefaultCacheAwareContextLoaderDelegate]
12:23:17.933 [main] DEBUG org.springframework.test.context.BootstrapUtils - Instantiating BootstrapContext using constructor [public org.springframework.test.context.support.DefaultBootstrapContext(java.lang.Class,org.springframework.test.context.CacheAwareContextLoaderDelegate)]
12:23:17.933 [main] DEBUG org.springframework.test.context.BootstrapUtils - Instantiating TestContextBootstrapper for test class [net.revature.binarybuiltbyte.project2.ProductOrderTest] from class [org.springframework.boot.test.context.SpringBootTestContextBootstrapper]
12:23:17.934 [main] INFO org.springframework.boot.test.context.SpringBootTestContextBootstrapper - Neither @ContextConfiguration nor @ContextHierarchy found for test class [net.revature.binarybuiltbyte.project2.ProductOrderTest], using SpringBootContextLoader
12:23:17.934 [main] DEBUG org.springframework.test.context.support.AbstractContextLoader - Did not detect default resource location for test class [net.revature.binarybuiltbyte.project2.ProductOrderTest]: class path resource [net/revature/binarybuiltbyte/project2/ProductOrderTest-context.xml] does not exist
12:23:17.935 [main] DEBUG org.springframework.test.context.support.AbstractContextLoader - Did not detect default resource location for test class [net.revature.binarybuiltbyte.project2.ProductOrderTest]: class path resource [net/revature/binarybuiltbyte/project2/ProductOrderTestContext.groovy] does not exist
12:23:17.935 [main] INFO org.springframework.test.context.support.AbstractContextLoader - Could not detect default resource locations for test class [net.revature.binarybuiltbyte.project2.ProductOrderTest]: no resource found for suffixes {-context.xml, Context.groovy}.
12:23:17.935 [main] INFO org.springframework.test.context.support.AnnotationConfigContextLoaderUtils - Could not detect default configuration classes for test class [net.revature.binarybuiltbyte.project2.ProductOrderTest]: ProductOrderTest does not declare any static, non-private, non-final, nested classes annotated with @Configuration.
12:23:17.941 [main] DEBUG org.springframework.test.context.support.ActiveProfilesUtils - Could not find an 'annotation declaring class' for annotation type [org.springframework.test.context.ActiveProfiles] and class [net.revature.binarybuiltbyte.project2.ProductOrderTest]
12:23:17.942 [main] INFO org.springframework.boot.test.context.SpringBootTestContextBootstrapper - Found @SpringBootConfiguration net.revature.binarybuiltbyte.project2.Project2Application for test class net.revature.binarybuiltbyte.project2.ProductOrderTest
12:23:17.945 [main] DEBUG org.springframework.boot.test.context.SpringBootTestContextBootstrapper - @TestExecutionListeners is not present for class [net.revature.binarybuiltbyte.project2.ProductOrderTest]: using defaults.
12:23:17.945 [main] INFO org.springframework.boot.test.context.SpringBootTestContextBootstrapper - Loaded default TestExecutionListener class names from location [META-INF/spring.factories]: [org.springframework.boot.test.mock.mockito.MockitoTestExecutionListener, org.springframework.boot.test.mock.mockito.ResetMocksTestExecutionListener, org.springframework.boot.test.autoconfigure.restdocs.RestDocsTestExecutionListener, org.springframework.boot.test.autoconfigure.web.client.MockRestServiceServerResetTestExecutionListener, org.springframework.boot.test.autoconfigure.web.servlet.MockMvcPrintOnlyOnFailureTestExecutionListener, org.springframework.boot.test.autoconfigure.web.servlet.WebDriverTestExecutionListener, org.springframework.boot.test.autoconfigure.webservices.client.MockWebServiceServerTestExecutionListener, org.springframework.test.context.web.ServletTestExecutionListener, org.springframework.test.context.support.DirtiesContextBeforeModesTestExecutionListener, org.springframework.test.context.event.ApplicationEventsTestExecutionListener, org.springframework.test.context.support.DependencyInjectionTestExecutionListener, org.springframework.test.context.support.DirtiesContextTestExecutionListener, org.springframework.test.context.transaction.TransactionalTestExecutionListener, org.springframework.test.context.jdbc.SqlScriptsTestExecutionListener, org.springframework.test.context.event.EventPublishingTestExecutionListener, org.springframework.security.test.context.support.WithSecurityContextTestExecutionListener, org.springframework.security.test.context.support.ReactorContextTestExecutionListener]
12:23:17.946 [main] INFO org.springframework.boot.test.context.SpringBootTestContextBootstrapper - Using TestExecutionListeners: [org.springframework.test.context.web.ServletTestExecutionListener@4c6fc3e7, org.springframework.test.context.support.DirtiesContextBeforeModesTestExecutionListener@aa8dce8, org.springframework.test.context.event.ApplicationEventsTestExecutionListener@6ad112de, org.springframework.boot.test.mock.mockito.MockitoTestExecutionListener@18a0721b, org.springframework.boot.test.autoconfigure.SpringBootDependencyInjectionTestExecutionListener@2ae2fa13, org.springframework.test.context.support.DirtiesContextTestExecutionListener@66e12c3b, org.springframework.test.context.transaction.TransactionalTestExecutionListener@44485db, org.springframework.test.context.jdbc.SqlScriptsTestExecutionListener@1f6f0fe2, org.springframework.test.context.event.EventPublishingTestExecutionListener@22604c7e, org.springframework.security.test.context.support.WithSecurityContextTestExecutionListener@4d8f2cfd, org.springframework.security.test.context.support.ReactorContextTestExecutionListener@6d4502ca, org.springframework.boot.test.mock.mockito.ResetMocksTestExecutionListener@ab2009f, org.springframework.boot.test.autoconfigure.restdocs.RestDocsTestExecutionListener@2a11ae0b, org.springframework.boot.test.autoconfigure.web.client.MockRestServiceServerResetTestExecutionListener@1e4d8770, org.springframework.boot.test.autoconfigure.web.servlet.MockMvcPrintOnlyOnFailureTestExecutionListener@5b5b9521, org.springframework.boot.test.autoconfigure.web.servlet.WebDriverTestExecutionListener@41f7c02d, org.springframework.boot.test.autoconfigure.webservices.client.MockWebServiceServerTestExecutionListener@66314fee]
12:23:17.947 [main] DEBUG org.springframework.test.annotation.ProfileValueUtils - Retrieved @ProfileValueSourceConfiguration [null] for test class [net.revature.binarybuiltbyte.project2.ProductOrderTest]
12:23:17.947 [main] DEBUG org.springframework.test.annotation.ProfileValueUtils - Retrieved ProfileValueSource type [class org.springframework.test.annotation.SystemProfileValueSource] for class [net.revature.binarybuiltbyte.project2.ProductOrderTest]
12:23:17.947 [main] DEBUG org.springframework.test.annotation.ProfileValueUtils - Retrieved @ProfileValueSourceConfiguration [null] for test class [net.revature.binarybuiltbyte.project2.ProductOrderTest]
12:23:17.947 [main] DEBUG org.springframework.test.annotation.ProfileValueUtils - Retrieved ProfileValueSource type [class org.springframework.test.annotation.SystemProfileValueSource] for class [net.revature.binarybuiltbyte.project2.ProductOrderTest]
12:23:17.947 [main] DEBUG org.springframework.test.annotation.ProfileValueUtils - Retrieved @ProfileValueSourceConfiguration [null] for test class [net.revature.binarybuiltbyte.project2.ProductOrderTest]
12:23:17.947 [main] DEBUG org.springframework.test.annotation.ProfileValueUtils - Retrieved ProfileValueSource type [class org.springframework.test.annotation.SystemProfileValueSource] for class [net.revature.binarybuiltbyte.project2.ProductOrderTest]
12:23:17.948 [main] DEBUG org.springframework.test.context.junit4.SpringJUnit4ClassRunner - SpringJUnit4ClassRunner constructor called with [class net.revature.binarybuiltbyte.project2.ProductTest]
12:23:17.948 [main] DEBUG org.springframework.test.context.BootstrapUtils - Instantiating CacheAwareContextLoaderDelegate from class [org.springframework.test.context.cache.DefaultCacheAwareContextLoaderDelegate]
12:23:17.948 [main] DEBUG org.springframework.test.context.BootstrapUtils - Instantiating BootstrapContext using constructor [public org.springframework.test.context.support.DefaultBootstrapContext(java.lang.Class,org.springframework.test.context.CacheAwareContextLoaderDelegate)]
12:23:17.948 [main] DEBUG org.springframework.test.context.BootstrapUtils - Instantiating TestContextBootstrapper for test class [net.revature.binarybuiltbyte.project2.ProductTest] from class [org.springframework.boot.test.context.SpringBootTestContextBootstrapper]
12:23:17.949 [main] INFO org.springframework.boot.test.context.SpringBootTestContextBootstrapper - Neither @ContextConfiguration nor @ContextHierarchy found for test class [net.revature.binarybuiltbyte.project2.ProductTest], using SpringBootContextLoader
12:23:17.950 [main] DEBUG org.springframework.test.context.support.AbstractContextLoader - Did not detect default resource location for test class [net.revature.binarybuiltbyte.project2.ProductTest]: class path resource [net/revature/binarybuiltbyte/project2/ProductTest-context.xml] does not exist
12:23:17.951 [main] DEBUG org.springframework.test.context.support.AbstractContextLoader - Did not detect default resource location for test class [net.revature.binarybuiltbyte.project2.ProductTest]: class path resource [net/revature/binarybuiltbyte/project2/ProductTestContext.groovy] does not exist
12:23:17.951 [main] INFO org.springframework.test.context.support.AbstractContextLoader - Could not detect default resource locations for test class [net.revature.binarybuiltbyte.project2.ProductTest]: no resource found for suffixes {-context.xml, Context.groovy}.
12:23:17.951 [main] INFO org.springframework.test.context.support.AnnotationConfigContextLoaderUtils - Could not detect default configuration classes for test class [net.revature.binarybuiltbyte.project2.ProductTest]: ProductTest does not declare any static, non-private, non-final, nested classes annotated with @Configuration.
12:23:17.954 [main] DEBUG org.springframework.test.context.support.ActiveProfilesUtils - Could not find an 'annotation declaring class' for annotation type [org.springframework.test.context.ActiveProfiles] and class [net.revature.binarybuiltbyte.project2.ProductTest]
12:23:17.955 [main] INFO org.springframework.boot.test.context.SpringBootTestContextBootstrapper - Found @SpringBootConfiguration net.revature.binarybuiltbyte.project2.Project2Application for test class net.revature.binarybuiltbyte.project2.ProductTest
12:23:17.958 [main] DEBUG org.springframework.boot.test.context.SpringBootTestContextBootstrapper - @TestExecutionListeners is not present for class [net.revature.binarybuiltbyte.project2.ProductTest]: using defaults.
12:23:17.958 [main] INFO org.springframework.boot.test.context.SpringBootTestContextBootstrapper - Loaded default TestExecutionListener class names from location [META-INF/spring.factories]: [org.springframework.boot.test.mock.mockito.MockitoTestExecutionListener, org.springframework.boot.test.mock.mockito.ResetMocksTestExecutionListener, org.springframework.boot.test.autoconfigure.restdocs.RestDocsTestExecutionListener, org.springframework.boot.test.autoconfigure.web.client.MockRestServiceServerResetTestExecutionListener, org.springframework.boot.test.autoconfigure.web.servlet.MockMvcPrintOnlyOnFailureTestExecutionListener, org.springframework.boot.test.autoconfigure.web.servlet.WebDriverTestExecutionListener, org.springframework.boot.test.autoconfigure.webservices.client.MockWebServiceServerTestExecutionListener, org.springframework.test.context.web.ServletTestExecutionListener, org.springframework.test.context.support.DirtiesContextBeforeModesTestExecutionListener, org.springframework.test.context.event.ApplicationEventsTestExecutionListener, org.springframework.test.context.support.DependencyInjectionTestExecutionListener, org.springframework.test.context.support.DirtiesContextTestExecutionListener, org.springframework.test.context.transaction.TransactionalTestExecutionListener, org.springframework.test.context.jdbc.SqlScriptsTestExecutionListener, org.springframework.test.context.event.EventPublishingTestExecutionListener, org.springframework.security.test.context.support.WithSecurityContextTestExecutionListener, org.springframework.security.test.context.support.ReactorContextTestExecutionListener]
12:23:17.959 [main] INFO org.springframework.boot.test.context.SpringBootTestContextBootstrapper - Using TestExecutionListeners: [org.springframework.test.context.web.ServletTestExecutionListener@13404f75, org.springframework.test.context.support.DirtiesContextBeforeModesTestExecutionListener@6cc90398, org.springframework.test.context.event.ApplicationEventsTestExecutionListener@6b6fd0, org.springframework.boot.test.mock.mockito.MockitoTestExecutionListener@3d718248, org.springframework.boot.test.autoconfigure.SpringBootDependencyInjectionTestExecutionListener@2cdb5974, org.springframework.test.context.support.DirtiesContextTestExecutionListener@8aa5ab4, org.springframework.test.context.transaction.TransactionalTestExecutionListener@53e4a19e, org.springframework.test.context.jdbc.SqlScriptsTestExecutionListener@62360a68, org.springframework.test.context.event.EventPublishingTestExecutionListener@1450ffa3, org.springframework.security.test.context.support.WithSecurityContextTestExecutionListener@4e756867, org.springframework.security.test.context.support.ReactorContextTestExecutionListener@38ebc866, org.springframework.boot.test.mock.mockito.ResetMocksTestExecutionListener@6adcf059, org.springframework.boot.test.autoconfigure.restdocs.RestDocsTestExecutionListener@7962a746, org.springframework.boot.test.autoconfigure.web.client.MockRestServiceServerResetTestExecutionListener@1c31de5d, org.springframework.boot.test.autoconfigure.web.servlet.MockMvcPrintOnlyOnFailureTestExecutionListener@7a7f9d45, org.springframework.boot.test.autoconfigure.web.servlet.WebDriverTestExecutionListener@772cf46b, org.springframework.boot.test.autoconfigure.webservices.client.MockWebServiceServerTestExecutionListener@1b98355f]
12:23:17.959 [main] DEBUG org.springframework.test.annotation.ProfileValueUtils - Retrieved @ProfileValueSourceConfiguration [null] for test class [net.revature.binarybuiltbyte.project2.ProductTest]
12:23:17.959 [main] DEBUG org.springframework.test.annotation.ProfileValueUtils - Retrieved ProfileValueSource type [class org.springframework.test.annotation.SystemProfileValueSource] for class [net.revature.binarybuiltbyte.project2.ProductTest]
12:23:17.959 [main] DEBUG org.springframework.test.annotation.ProfileValueUtils - Retrieved @ProfileValueSourceConfiguration [null] for test class [net.revature.binarybuiltbyte.project2.ProductTest]
12:23:17.960 [main] DEBUG org.springframework.test.annotation.ProfileValueUtils - Retrieved ProfileValueSource type [class org.springframework.test.annotation.SystemProfileValueSource] for class [net.revature.binarybuiltbyte.project2.ProductTest]
12:23:17.960 [main] DEBUG org.springframework.test.annotation.ProfileValueUtils - Retrieved @ProfileValueSourceConfiguration [null] for test class [net.revature.binarybuiltbyte.project2.ProductTest]
12:23:17.960 [main] DEBUG org.springframework.test.annotation.ProfileValueUtils - Retrieved ProfileValueSource type [class org.springframework.test.annotation.SystemProfileValueSource] for class [net.revature.binarybuiltbyte.project2.ProductTest]
12:23:17.960 [main] DEBUG org.springframework.test.context.junit4.SpringJUnit4ClassRunner - SpringJUnit4ClassRunner constructor called with [class net.revature.binarybuiltbyte.project2.ReviewTest]
12:23:17.960 [main] DEBUG org.springframework.test.context.BootstrapUtils - Instantiating CacheAwareContextLoaderDelegate from class [org.springframework.test.context.cache.DefaultCacheAwareContextLoaderDelegate]
12:23:17.960 [main] DEBUG org.springframework.test.context.BootstrapUtils - Instantiating BootstrapContext using constructor [public org.springframework.test.context.support.DefaultBootstrapContext(java.lang.Class,org.springframework.test.context.CacheAwareContextLoaderDelegate)]
12:23:17.961 [main] DEBUG org.springframework.test.context.BootstrapUtils - Instantiating TestContextBootstrapper for test class [net.revature.binarybuiltbyte.project2.ReviewTest] from class [org.springframework.boot.test.context.SpringBootTestContextBootstrapper]
12:23:17.961 [main] INFO org.springframework.boot.test.context.SpringBootTestContextBootstrapper - Neither @ContextConfiguration nor @ContextHierarchy found for test class [net.revature.binarybuiltbyte.project2.ReviewTest], using SpringBootContextLoader
12:23:17.962 [main] DEBUG org.springframework.test.context.support.AbstractContextLoader - Did not detect default resource location for test class [net.revature.binarybuiltbyte.project2.ReviewTest]: class path resource [net/revature/binarybuiltbyte/project2/ReviewTest-context.xml] does not exist
12:23:17.963 [main] DEBUG org.springframework.test.context.support.AbstractContextLoader - Did not detect default resource location for test class [net.revature.binarybuiltbyte.project2.ReviewTest]: class path resource [net/revature/binarybuiltbyte/project2/ReviewTestContext.groovy] does not exist
12:23:17.963 [main] INFO org.springframework.test.context.support.AbstractContextLoader - Could not detect default resource locations for test class [net.revature.binarybuiltbyte.project2.ReviewTest]: no resource found for suffixes {-context.xml, Context.groovy}.
12:23:17.963 [main] INFO org.springframework.test.context.support.AnnotationConfigContextLoaderUtils - Could not detect default configuration classes for test class [net.revature.binarybuiltbyte.project2.ReviewTest]: ReviewTest does not declare any static, non-private, non-final, nested classes annotated with @Configuration.
12:23:17.966 [main] DEBUG org.springframework.test.context.support.ActiveProfilesUtils - Could not find an 'annotation declaring class' for annotation type [org.springframework.test.context.ActiveProfiles] and class [net.revature.binarybuiltbyte.project2.ReviewTest]
12:23:17.967 [main] INFO org.springframework.boot.test.context.SpringBootTestContextBootstrapper - Found @SpringBootConfiguration net.revature.binarybuiltbyte.project2.Project2Application for test class net.revature.binarybuiltbyte.project2.ReviewTest
12:23:17.971 [main] DEBUG org.springframework.boot.test.context.SpringBootTestContextBootstrapper - @TestExecutionListeners is not present for class [net.revature.binarybuiltbyte.project2.ReviewTest]: using defaults.
12:23:17.971 [main] INFO org.springframework.boot.test.context.SpringBootTestContextBootstrapper - Loaded default TestExecutionListener class names from location [META-INF/spring.factories]: [org.springframework.boot.test.mock.mockito.MockitoTestExecutionListener, org.springframework.boot.test.mock.mockito.ResetMocksTestExecutionListener, org.springframework.boot.test.autoconfigure.restdocs.RestDocsTestExecutionListener, org.springframework.boot.test.autoconfigure.web.client.MockRestServiceServerResetTestExecutionListener, org.springframework.boot.test.autoconfigure.web.servlet.MockMvcPrintOnlyOnFailureTestExecutionListener, org.springframework.boot.test.autoconfigure.web.servlet.WebDriverTestExecutionListener, org.springframework.boot.test.autoconfigure.webservices.client.MockWebServiceServerTestExecutionListener, org.springframework.test.context.web.ServletTestExecutionListener, org.springframework.test.context.support.DirtiesContextBeforeModesTestExecutionListener, org.springframework.test.context.event.ApplicationEventsTestExecutionListener, org.springframework.test.context.support.DependencyInjectionTestExecutionListener, org.springframework.test.context.support.DirtiesContextTestExecutionListener, org.springframework.test.context.transaction.TransactionalTestExecutionListener, org.springframework.test.context.jdbc.SqlScriptsTestExecutionListener, org.springframework.test.context.event.EventPublishingTestExecutionListener, org.springframework.security.test.context.support.WithSecurityContextTestExecutionListener, org.springframework.security.test.context.support.ReactorContextTestExecutionListener]
12:23:17.972 [main] INFO org.springframework.boot.test.context.SpringBootTestContextBootstrapper - Using TestExecutionListeners: [org.springframework.test.context.web.ServletTestExecutionListener@1fc5c0b2, org.springframework.test.context.support.DirtiesContextBeforeModesTestExecutionListener@45ad3cd8, org.springframework.test.context.event.ApplicationEventsTestExecutionListener@2b90cc1, org.springframework.boot.test.mock.mockito.MockitoTestExecutionListener@5a2f401a, org.springframework.boot.test.autoconfigure.SpringBootDependencyInjectionTestExecutionListener@6bdedbbd, org.springframework.test.context.support.DirtiesContextTestExecutionListener@47b961e2, org.springframework.test.context.transaction.TransactionalTestExecutionListener@d2cb2d0, org.springframework.test.context.jdbc.SqlScriptsTestExecutionListener@2d230cff, org.springframework.test.context.event.EventPublishingTestExecutionListener@30bd39d5, org.springframework.security.test.context.support.WithSecurityContextTestExecutionListener@3c87e851, org.springframework.security.test.context.support.ReactorContextTestExecutionListener@54556723, org.springframework.boot.test.mock.mockito.ResetMocksTestExecutionListener@6124dda2, org.springframework.boot.test.autoconfigure.restdocs.RestDocsTestExecutionListener@380e33c2, org.springframework.boot.test.autoconfigure.web.client.MockRestServiceServerResetTestExecutionListener@3bc891f2, org.springframework.boot.test.autoconfigure.web.servlet.MockMvcPrintOnlyOnFailureTestExecutionListener@445b85d7, org.springframework.boot.test.autoconfigure.web.servlet.WebDriverTestExecutionListener@3d59933, org.springframework.boot.test.autoconfigure.webservices.client.MockWebServiceServerTestExecutionListener@4a0c3aa8]
12:23:17.972 [main] DEBUG org.springframework.test.annotation.ProfileValueUtils - Retrieved @ProfileValueSourceConfiguration [null] for test class [net.revature.binarybuiltbyte.project2.ReviewTest]
12:23:17.973 [main] DEBUG org.springframework.test.annotation.ProfileValueUtils - Retrieved ProfileValueSource type [class org.springframework.test.annotation.SystemProfileValueSource] for class [net.revature.binarybuiltbyte.project2.ReviewTest]
12:23:17.973 [main] DEBUG org.springframework.test.annotation.ProfileValueUtils - Retrieved @ProfileValueSourceConfiguration [null] for test class [net.revature.binarybuiltbyte.project2.ReviewTest]
12:23:17.973 [main] DEBUG org.springframework.test.annotation.ProfileValueUtils - Retrieved ProfileValueSource type [class org.springframework.test.annotation.SystemProfileValueSource] for class [net.revature.binarybuiltbyte.project2.ReviewTest]
12:23:17.973 [main] DEBUG org.springframework.test.annotation.ProfileValueUtils - Retrieved @ProfileValueSourceConfiguration [null] for test class [net.revature.binarybuiltbyte.project2.ReviewTest]
12:23:17.973 [main] DEBUG org.springframework.test.annotation.ProfileValueUtils - Retrieved ProfileValueSource type [class org.springframework.test.annotation.SystemProfileValueSource] for class [net.revature.binarybuiltbyte.project2.ReviewTest]
12:23:18.079 [main] DEBUG org.springframework.test.annotation.ProfileValueUtils - Retrieved @ProfileValueSourceConfiguration [null] for test class [net.revature.binarybuiltbyte.project2.AddressTest]
12:23:18.079 [main] DEBUG org.springframework.test.annotation.ProfileValueUtils - Retrieved ProfileValueSource type [class org.springframework.test.annotation.SystemProfileValueSource] for class [net.revature.binarybuiltbyte.project2.AddressTest]
12:23:18.086 [main] DEBUG org.springframework.test.annotation.ProfileValueUtils - Retrieved @ProfileValueSourceConfiguration [null] for test class [net.revature.binarybuiltbyte.project2.AddressTest]
12:23:18.086 [main] DEBUG org.springframework.test.annotation.ProfileValueUtils - Retrieved ProfileValueSource type [class org.springframework.test.annotation.SystemProfileValueSource] for class [net.revature.binarybuiltbyte.project2.AddressTest]
12:23:18.087 [main] DEBUG org.springframework.test.annotation.ProfileValueUtils - Retrieved @ProfileValueSourceConfiguration [null] for test class [net.revature.binarybuiltbyte.project2.AddressTest]
12:23:18.087 [main] DEBUG org.springframework.test.annotation.ProfileValueUtils - Retrieved ProfileValueSource type [class org.springframework.test.annotation.SystemProfileValueSource] for class [net.revature.binarybuiltbyte.project2.AddressTest]
12:23:18.096 [main] DEBUG org.springframework.test.context.support.AbstractDirtiesContextTestExecutionListener - Before test class: context [DefaultTestContext@924f3f1 testClass = AddressTest, testInstance = [null], testMethod = [null], testException = [null], mergedContextConfiguration = [WebMergedContextConfiguration@19e2db7c testClass = AddressTest, locations = '{}', classes = '{class net.revature.binarybuiltbyte.project2.Project2Application}', contextInitializerClasses = '[]', activeProfiles = '{}', propertySourceLocations = '{}', propertySourceProperties = '{org.springframework.boot.test.context.SpringBootTestContextBootstrapper=true}', contextCustomizers = set[[ImportsContextCustomizer@77a4bac key = [org.springframework.boot.test.autoconfigure.web.servlet.MockMvcAutoConfiguration, org.springframework.boot.test.autoconfigure.web.servlet.MockMvcWebClientAutoConfiguration, org.springframework.boot.test.autoconfigure.web.servlet.MockMvcWebDriverAutoConfiguration, org.springframework.boot.autoconfigure.security.oauth2.client.servlet.OAuth2ClientAutoConfiguration, org.springframework.boot.autoconfigure.security.oauth2.resource.servlet.OAuth2ResourceServerAutoConfiguration, org.springframework.boot.autoconfigure.security.servlet.SecurityAutoConfiguration, org.springframework.boot.autoconfigure.security.servlet.SecurityFilterAutoConfiguration, org.springframework.boot.autoconfigure.security.servlet.UserDetailsServiceAutoConfiguration, org.springframework.boot.test.autoconfigure.web.servlet.MockMvcSecurityConfiguration]], org.springframework.boot.test.context.filter.ExcludeFilterContextCustomizer@3b7eac14, org.springframework.boot.test.json.DuplicateJsonObjectContextCustomizerFactory$DuplicateJsonObjectContextCustomizer@2f4b98f6, org.springframework.boot.test.mock.mockito.MockitoContextCustomizer@0, org.springframework.boot.test.web.client.TestRestTemplateContextCustomizer@668625f5, org.springframework.boot.test.autoconfigure.actuate.metrics.MetricsExportContextCustomizerFactory$DisableMetricExportContextCustomizer@5d7399f9, org.springframework.boot.test.autoconfigure.properties.PropertyMappingContextCustomizer@4b3fa0b3, org.springframework.boot.test.autoconfigure.web.servlet.WebDriverContextCustomizerFactory$Customizer@42505474, org.springframework.boot.test.context.SpringBootTestArgs@1, org.springframework.boot.test.context.SpringBootTestWebEnvironment@421056e5], resourceBasePath = 'src/main/webapp', contextLoader = 'org.springframework.boot.test.context.SpringBootContextLoader', parent = [null]], attributes = map['org.springframework.test.context.web.ServletTestExecutionListener.activateListener' -> true]], class annotated with @DirtiesContext [false] with mode [null].
12:23:18.099 [main] DEBUG org.springframework.test.annotation.ProfileValueUtils - Retrieved @ProfileValueSourceConfiguration [null] for test class [net.revature.binarybuiltbyte.project2.AddressTest]
12:23:18.099 [main] DEBUG org.springframework.test.annotation.ProfileValueUtils - Retrieved ProfileValueSource type [class org.springframework.test.annotation.SystemProfileValueSource] for class [net.revature.binarybuiltbyte.project2.AddressTest]
12:23:18.140 [main] DEBUG org.springframework.test.context.support.TestPropertySourceUtils - Adding inlined properties to environment: {spring.jmx.enabled=false, org.springframework.boot.test.context.SpringBootTestContextBootstrapper=true}

  .   ____          _            __ _ _
 /\\ / ___'_ __ _ _(_)_ __  __ _ \ \ \ \
( ( )\___ | '_ | '_| | '_ \/ _` | \ \ \ \
 \\/  ___)| |_)| | | | | || (_| |  ) ) ) )
  '  |____| .__|_| |_|_| |_\__, | / / / /
 =========|_|==============|___/=/_/_/_/
 :: Spring Boot ::                (v2.4.4)

2021-04-25 12:23:18.648  INFO 28148 --- [           main] n.r.b.project2.AddressTest               : Starting AddressTest using Java 1.8.0_211 on DESKTOP-BK3N22H with PID 28148 (started by Daniel in C:\Users\Daniel\Desktop\Revature\Project2BackEnd\New Project\ByteBuildersBackEnd\project2-backend)
2021-04-25 12:23:18.652  INFO 28148 --- [           main] n.r.b.project2.AddressTest               : No active profile set, falling back to default profiles: default
2021-04-25 12:23:20.294  INFO 28148 --- [           main] .s.d.r.c.RepositoryConfigurationDelegate : Bootstrapping Spring Data JPA repositories in DEFAULT mode.
2021-04-25 12:23:20.447  INFO 28148 --- [           main] .s.d.r.c.RepositoryConfigurationDelegate : Finished Spring Data repository scanning in 140 ms. Found 8 JPA repository interfaces.
2021-04-25 12:23:21.428  INFO 28148 --- [           main] o.hibernate.jpa.internal.util.LogHelper  : HHH000204: Processing PersistenceUnitInfo [name: default]
2021-04-25 12:23:21.519  INFO 28148 --- [           main] org.hibernate.Version                    : HHH000412: Hibernate ORM core version 5.4.29.Final
2021-04-25 12:23:21.730  INFO 28148 --- [           main] o.hibernate.annotations.common.Version   : HCANN000001: Hibernate Commons Annotations {5.1.2.Final}
2021-04-25 12:23:22.731  INFO 28148 --- [           main] com.zaxxer.hikari.HikariDataSource       : HikariPool-1 - Starting...
2021-04-25 12:23:24.347  INFO 28148 --- [           main] com.zaxxer.hikari.HikariDataSource       : HikariPool-1 - Start completed.
2021-04-25 12:23:24.379  INFO 28148 --- [           main] org.hibernate.dialect.Dialect            : HHH000400: Using dialect: org.hibernate.dialect.PostgreSQLDialect
2021-04-25 12:23:26.948  INFO 28148 --- [           main] o.h.e.t.j.p.i.JtaPlatformInitiator       : HHH000490: Using JtaPlatform implementation: [org.hibernate.engine.transaction.jta.platform.internal.NoJtaPlatform]
2021-04-25 12:23:26.961  INFO 28148 --- [           main] j.LocalContainerEntityManagerFactoryBean : Initialized JPA EntityManagerFactory for persistence unit 'default'
2021-04-25 12:23:27.711  WARN 28148 --- [           main] JpaBaseConfiguration$JpaWebConfiguration : spring.jpa.open-in-view is enabled by default. Therefore, database queries may be performed during view rendering. Explicitly configure spring.jpa.open-in-view to disable this warning
2021-04-25 12:23:29.694  INFO 28148 --- [           main] o.s.b.a.e.web.EndpointLinksResolver      : Exposing 13 endpoint(s) beneath base path '/actuator'
2021-04-25 12:23:30.236  INFO 28148 --- [           main] o.s.s.web.DefaultSecurityFilterChain     : Will secure any request with [org.springframework.security.web.context.request.async.WebAsyncManagerIntegrationFilter@5bd8238, org.springframework.security.web.context.SecurityContextPersistenceFilter@392b17a9, org.springframework.security.web.header.HeaderWriterFilter@201dd007, org.springframework.security.web.authentication.logout.LogoutFilter@72a1db39, net.revature.binarybuiltbyte.project2.security.JwtRequestFilter@7d5f76b8, org.springframework.security.web.savedrequest.RequestCacheAwareFilter@afc36e4, org.springframework.security.web.servletapi.SecurityContextHolderAwareRequestFilter@5cb88f3d, org.springframework.security.web.authentication.AnonymousAuthenticationFilter@41d804dd, org.springframework.security.web.session.SessionManagementFilter@6c1d5ba5, org.springframework.security.web.access.ExceptionTranslationFilter@7fb48671, org.springframework.security.web.access.intercept.FilterSecurityInterceptor@744528fd]
2021-04-25 12:23:30.583  INFO 28148 --- [           main] o.s.s.concurrent.ThreadPoolTaskExecutor  : Initializing ExecutorService 'applicationTaskExecutor'
2021-04-25 12:23:31.398  INFO 28148 --- [           main] o.s.b.t.m.w.SpringBootMockServletContext : Initializing Spring TestDispatcherServlet ''
2021-04-25 12:23:31.399  INFO 28148 --- [           main] o.s.t.web.servlet.TestDispatcherServlet  : Initializing Servlet ''
2021-04-25 12:23:31.400  INFO 28148 --- [           main] o.s.t.web.servlet.TestDispatcherServlet  : Completed initialization in 1 ms
2021-04-25 12:23:33.673  INFO 28148 --- [           main] n.r.b.project2.AddressTest               : Started AddressTest in 15.52 seconds (JVM running for 17.559)

MockHttpServletRequest:
      HTTP Method = GET
      Request URI = /api/address
       Parameters = {}
          Headers = []
             Body = null
    Session Attrs = {}

Handler:
             Type = org.springframework.data.rest.webmvc.RepositoryEntityController
           Method = org.springframework.data.rest.webmvc.RepositoryEntityController#getCollectionResource(RootResourceInformation, DefaultedPageable, Sort, PersistentEntityResourceAssembler)

Async:
    Async started = false
     Async result = null

Resolved Exception:
             Type = null

ModelAndView:
        View name = null
             View = null
            Model = null

FlashMap:
       Attributes = null

MockHttpServletResponse:
           Status = 200
    Error message = null
          Headers = [Vary:"Origin", "Access-Control-Request-Method", "Access-Control-Request-Headers", Content-Type:"application/hal+json", X-Content-Type-Options:"nosniff", X-XSS-Protection:"1; mode=block", Cache-Control:"no-cache, no-store, max-age=0, must-revalidate", Pragma:"no-cache", Expires:"0", X-Frame-Options:"DENY"]
     Content type = application/hal+json
             Body = {
  "_embedded" : {
    "addresses" : [ {
      "id" : 1,
      "streetAddress" : "333 Santa Fe Ave",
      "city" : "Alamosa",
      "state" : "CO",
      "zip" : "81101",
      "_links" : {
        "self" : {
          "href" : "http://localhost/api/address/1"
        },
        "address" : {
          "href" : "http://localhost/api/address/1"
        },
        "byteOrder" : {
          "href" : "http://localhost/api/address/1/byteOrder"
        }
      }
    }, {
      "id" : 2,
      "streetAddress" : "180 Center St",
      "city" : "Panguitch",
      "state" : "UT",
      "zip" : "84759",
      "_links" : {
        "self" : {
          "href" : "http://localhost/api/address/2"
        },
        "address" : {
          "href" : "http://localhost/api/address/2"
        },
        "byteOrder" : {
          "href" : "http://localhost/api/address/2/byteOrder"
        }
      }
    }, {
      "id" : 3,
      "streetAddress" : "396 S Main St",
      "city" : "Moab",
      "state" : "UT",
      "zip" : "84532",
      "_links" : {
        "self" : {
          "href" : "http://localhost/api/address/3"
        },
        "address" : {
          "href" : "http://localhost/api/address/3"
        },
        "byteOrder" : {
          "href" : "http://localhost/api/address/3/byteOrder"
        }
      }
    }, {
      "id" : 4,
      "streetAddress" : "1535 Kern St",
      "city" : "Fresno",
      "state" : "CA",
      "zip" : "93706",
      "_links" : {
        "self" : {
          "href" : "http://localhost/api/address/4"
        },
        "address" : {
          "href" : "http://localhost/api/address/4"
        },
        "byteOrder" : {
          "href" : "http://localhost/api/address/4/byteOrder"
        }
      }
    }, {
      "id" : 5,
      "streetAddress" : "150 W Simpson Ave",
      "city" : "Jackson",
      "state" : "WY",
      "zip" : "83001",
      "_links" : {
        "self" : {
          "href" : "http://localhost/api/address/5"
        },
        "address" : {
          "href" : "http://localhost/api/address/5"
        },
        "byteOrder" : {
          "href" : "http://localhost/api/address/5/byteOrder"
        }
      }
    } ]
  },
  "_links" : {
    "self" : {
      "href" : "http://localhost/api/address"
    },
    "profile" : {
      "href" : "http://localhost/api/profile/address"
    }
  },
  "page" : {
    "size" : 20,
    "totalElements" : 5,
    "totalPages" : 1,
    "number" : 0
  }
}
    Forwarded URL = null
   Redirected URL = null
          Cookies = []

MockHttpServletRequest:
      HTTP Method = GET
      Request URI = /api/address
       Parameters = {}
          Headers = []
             Body = null
    Session Attrs = {}

Handler:
             Type = org.springframework.data.rest.webmvc.RepositoryEntityController
           Method = org.springframework.data.rest.webmvc.RepositoryEntityController#getCollectionResource(RootResourceInformation, DefaultedPageable, Sort, PersistentEntityResourceAssembler)

Async:
    Async started = false
     Async result = null

Resolved Exception:
             Type = null

ModelAndView:
        View name = null
             View = null
            Model = null

FlashMap:
       Attributes = null

MockHttpServletResponse:
           Status = 200
    Error message = null
          Headers = [Vary:"Origin", "Access-Control-Request-Method", "Access-Control-Request-Headers", Content-Type:"application/hal+json", X-Content-Type-Options:"nosniff", X-XSS-Protection:"1; mode=block", Cache-Control:"no-cache, no-store, max-age=0, must-revalidate", Pragma:"no-cache", Expires:"0", X-Frame-Options:"DENY"]
     Content type = application/hal+json
             Body = {
  "_embedded" : {
    "addresses" : [ {
      "id" : 1,
      "streetAddress" : "333 Santa Fe Ave",
      "city" : "Alamosa",
      "state" : "CO",
      "zip" : "81101",
      "_links" : {
        "self" : {
          "href" : "http://localhost/api/address/1"
        },
        "address" : {
          "href" : "http://localhost/api/address/1"
        },
        "byteOrder" : {
          "href" : "http://localhost/api/address/1/byteOrder"
        }
      }
    }, {
      "id" : 2,
      "streetAddress" : "180 Center St",
      "city" : "Panguitch",
      "state" : "UT",
      "zip" : "84759",
      "_links" : {
        "self" : {
          "href" : "http://localhost/api/address/2"
        },
        "address" : {
          "href" : "http://localhost/api/address/2"
        },
        "byteOrder" : {
          "href" : "http://localhost/api/address/2/byteOrder"
        }
      }
    }, {
      "id" : 3,
      "streetAddress" : "396 S Main St",
      "city" : "Moab",
      "state" : "UT",
      "zip" : "84532",
      "_links" : {
        "self" : {
          "href" : "http://localhost/api/address/3"
        },
        "address" : {
          "href" : "http://localhost/api/address/3"
        },
        "byteOrder" : {
          "href" : "http://localhost/api/address/3/byteOrder"
        }
      }
    }, {
      "id" : 4,
      "streetAddress" : "1535 Kern St",
      "city" : "Fresno",
      "state" : "CA",
      "zip" : "93706",
      "_links" : {
        "self" : {
          "href" : "http://localhost/api/address/4"
        },
        "address" : {
          "href" : "http://localhost/api/address/4"
        },
        "byteOrder" : {
          "href" : "http://localhost/api/address/4/byteOrder"
        }
      }
    }, {
      "id" : 5,
      "streetAddress" : "150 W Simpson Ave",
      "city" : "Jackson",
      "state" : "WY",
      "zip" : "83001",
      "_links" : {
        "self" : {
          "href" : "http://localhost/api/address/5"
        },
        "address" : {
          "href" : "http://localhost/api/address/5"
        },
        "byteOrder" : {
          "href" : "http://localhost/api/address/5/byteOrder"
        }
      }
    } ]
  },
  "_links" : {
    "self" : {
      "href" : "http://localhost/api/address"
    },
    "profile" : {
      "href" : "http://localhost/api/profile/address"
    }
  },
  "page" : {
    "size" : 20,
    "totalElements" : 5,
    "totalPages" : 1,
    "number" : 0
  }
}
    Forwarded URL = null
   Redirected URL = null
          Cookies = []
]]></system-out>
  </testcase>
  <testcase name="checkReturnID1" classname="net.revature.binarybuiltbyte.project2.AddressTest" time="0.124">
    <failure message="No value at JSON path &quot;$._links.byteUser.href&quot;" type="java.lang.AssertionError">java.lang.AssertionError: No value at JSON path "$._links.byteUser.href"
	at net.revature.binarybuiltbyte.project2.AddressTest.checkReturnID1(AddressTest.java:89)
Caused by: com.jayway.jsonpath.PathNotFoundException: Missing property in path $['_links']['byteUser']
	at net.revature.binarybuiltbyte.project2.AddressTest.checkReturnID1(AddressTest.java:89)
</failure>
    <system-out><![CDATA[
MockHttpServletRequest:
      HTTP Method = GET
      Request URI = /api/address/1
       Parameters = {}
          Headers = []
             Body = null
    Session Attrs = {}

Handler:
             Type = org.springframework.data.rest.webmvc.RepositoryEntityController
           Method = org.springframework.data.rest.webmvc.RepositoryEntityController#getItemResource(RootResourceInformation, Serializable, PersistentEntityResourceAssembler, HttpHeaders)

Async:
    Async started = false
     Async result = null

Resolved Exception:
             Type = null

ModelAndView:
        View name = null
             View = null
            Model = null

FlashMap:
       Attributes = null

MockHttpServletResponse:
           Status = 200
    Error message = null
          Headers = [Vary:"Origin", "Access-Control-Request-Method", "Access-Control-Request-Headers", Content-Type:"application/hal+json", X-Content-Type-Options:"nosniff", X-XSS-Protection:"1; mode=block", Cache-Control:"no-cache, no-store, max-age=0, must-revalidate", Pragma:"no-cache", Expires:"0", X-Frame-Options:"DENY"]
     Content type = application/hal+json
             Body = {
  "id" : 1,
  "streetAddress" : "333 Santa Fe Ave",
  "city" : "Alamosa",
  "state" : "CO",
  "zip" : "81101",
  "_links" : {
    "self" : {
      "href" : "http://localhost/api/address/1"
    },
    "address" : {
      "href" : "http://localhost/api/address/1"
    },
    "byteOrder" : {
      "href" : "http://localhost/api/address/1/byteOrder"
    }
  }
}
    Forwarded URL = null
   Redirected URL = null
          Cookies = []

MockHttpServletRequest:
      HTTP Method = GET
      Request URI = /api/address/1
       Parameters = {}
          Headers = []
             Body = null
    Session Attrs = {}

Handler:
             Type = org.springframework.data.rest.webmvc.RepositoryEntityController
           Method = org.springframework.data.rest.webmvc.RepositoryEntityController#getItemResource(RootResourceInformation, Serializable, PersistentEntityResourceAssembler, HttpHeaders)

Async:
    Async started = false
     Async result = null

Resolved Exception:
             Type = null

ModelAndView:
        View name = null
             View = null
            Model = null

FlashMap:
       Attributes = null

MockHttpServletResponse:
           Status = 200
    Error message = null
          Headers = [Vary:"Origin", "Access-Control-Request-Method", "Access-Control-Request-Headers", Content-Type:"application/hal+json", X-Content-Type-Options:"nosniff", X-XSS-Protection:"1; mode=block", Cache-Control:"no-cache, no-store, max-age=0, must-revalidate", Pragma:"no-cache", Expires:"0", X-Frame-Options:"DENY"]
     Content type = application/hal+json
             Body = {
  "id" : 1,
  "streetAddress" : "333 Santa Fe Ave",
  "city" : "Alamosa",
  "state" : "CO",
  "zip" : "81101",
  "_links" : {
    "self" : {
      "href" : "http://localhost/api/address/1"
    },
    "address" : {
      "href" : "http://localhost/api/address/1"
    },
    "byteOrder" : {
      "href" : "http://localhost/api/address/1/byteOrder"
    }
  }
}
    Forwarded URL = null
   Redirected URL = null
          Cookies = []
]]></system-out>
  </testcase>
  <testcase name="checkPopulatingCorrectly" classname="net.revature.binarybuiltbyte.project2.AddressTest" time="0.252">
    <failure message="No matching value at JSON path &quot;$.._embedded.addresses.[0]._links.byteUser.href&quot;" type="java.lang.AssertionError">java.lang.AssertionError: No matching value at JSON path "$.._embedded.addresses.[0]._links.byteUser.href"
	at net.revature.binarybuiltbyte.project2.AddressTest.checkPopulatingCorrectly(AddressTest.java:74)
</failure>
    <system-out><![CDATA[
MockHttpServletRequest:
      HTTP Method = GET
      Request URI = /api/address
       Parameters = {}
          Headers = []
             Body = null
    Session Attrs = {}

Handler:
             Type = org.springframework.data.rest.webmvc.RepositoryEntityController
           Method = org.springframework.data.rest.webmvc.RepositoryEntityController#getCollectionResource(RootResourceInformation, DefaultedPageable, Sort, PersistentEntityResourceAssembler)

Async:
    Async started = false
     Async result = null

Resolved Exception:
             Type = null

ModelAndView:
        View name = null
             View = null
            Model = null

FlashMap:
       Attributes = null

MockHttpServletResponse:
           Status = 200
    Error message = null
          Headers = [Vary:"Origin", "Access-Control-Request-Method", "Access-Control-Request-Headers", Content-Type:"application/hal+json", X-Content-Type-Options:"nosniff", X-XSS-Protection:"1; mode=block", Cache-Control:"no-cache, no-store, max-age=0, must-revalidate", Pragma:"no-cache", Expires:"0", X-Frame-Options:"DENY"]
     Content type = application/hal+json
             Body = {
  "_embedded" : {
    "addresses" : [ {
      "id" : 1,
      "streetAddress" : "333 Santa Fe Ave",
      "city" : "Alamosa",
      "state" : "CO",
      "zip" : "81101",
      "_links" : {
        "self" : {
          "href" : "http://localhost/api/address/1"
        },
        "address" : {
          "href" : "http://localhost/api/address/1"
        },
        "byteOrder" : {
          "href" : "http://localhost/api/address/1/byteOrder"
        }
      }
    }, {
      "id" : 2,
      "streetAddress" : "180 Center St",
      "city" : "Panguitch",
      "state" : "UT",
      "zip" : "84759",
      "_links" : {
        "self" : {
          "href" : "http://localhost/api/address/2"
        },
        "address" : {
          "href" : "http://localhost/api/address/2"
        },
        "byteOrder" : {
          "href" : "http://localhost/api/address/2/byteOrder"
        }
      }
    }, {
      "id" : 3,
      "streetAddress" : "396 S Main St",
      "city" : "Moab",
      "state" : "UT",
      "zip" : "84532",
      "_links" : {
        "self" : {
          "href" : "http://localhost/api/address/3"
        },
        "address" : {
          "href" : "http://localhost/api/address/3"
        },
        "byteOrder" : {
          "href" : "http://localhost/api/address/3/byteOrder"
        }
      }
    }, {
      "id" : 4,
      "streetAddress" : "1535 Kern St",
      "city" : "Fresno",
      "state" : "CA",
      "zip" : "93706",
      "_links" : {
        "self" : {
          "href" : "http://localhost/api/address/4"
        },
        "address" : {
          "href" : "http://localhost/api/address/4"
        },
        "byteOrder" : {
          "href" : "http://localhost/api/address/4/byteOrder"
        }
      }
    }, {
      "id" : 5,
      "streetAddress" : "150 W Simpson Ave",
      "city" : "Jackson",
      "state" : "WY",
      "zip" : "83001",
      "_links" : {
        "self" : {
          "href" : "http://localhost/api/address/5"
        },
        "address" : {
          "href" : "http://localhost/api/address/5"
        },
        "byteOrder" : {
          "href" : "http://localhost/api/address/5/byteOrder"
        }
      }
    } ]
  },
  "_links" : {
    "self" : {
      "href" : "http://localhost/api/address"
    },
    "profile" : {
      "href" : "http://localhost/api/profile/address"
    }
  },
  "page" : {
    "size" : 20,
    "totalElements" : 5,
    "totalPages" : 1,
    "number" : 0
  }
}
    Forwarded URL = null
   Redirected URL = null
          Cookies = []

MockHttpServletRequest:
      HTTP Method = GET
      Request URI = /api/address
       Parameters = {}
          Headers = []
             Body = null
    Session Attrs = {}

Handler:
             Type = org.springframework.data.rest.webmvc.RepositoryEntityController
           Method = org.springframework.data.rest.webmvc.RepositoryEntityController#getCollectionResource(RootResourceInformation, DefaultedPageable, Sort, PersistentEntityResourceAssembler)

Async:
    Async started = false
     Async result = null

Resolved Exception:
             Type = null

ModelAndView:
        View name = null
             View = null
            Model = null

FlashMap:
       Attributes = null

MockHttpServletResponse:
           Status = 200
    Error message = null
          Headers = [Vary:"Origin", "Access-Control-Request-Method", "Access-Control-Request-Headers", Content-Type:"application/hal+json", X-Content-Type-Options:"nosniff", X-XSS-Protection:"1; mode=block", Cache-Control:"no-cache, no-store, max-age=0, must-revalidate", Pragma:"no-cache", Expires:"0", X-Frame-Options:"DENY"]
     Content type = application/hal+json
             Body = {
  "_embedded" : {
    "addresses" : [ {
      "id" : 1,
      "streetAddress" : "333 Santa Fe Ave",
      "city" : "Alamosa",
      "state" : "CO",
      "zip" : "81101",
      "_links" : {
        "self" : {
          "href" : "http://localhost/api/address/1"
        },
        "address" : {
          "href" : "http://localhost/api/address/1"
        },
        "byteOrder" : {
          "href" : "http://localhost/api/address/1/byteOrder"
        }
      }
    }, {
      "id" : 2,
      "streetAddress" : "180 Center St",
      "city" : "Panguitch",
      "state" : "UT",
      "zip" : "84759",
      "_links" : {
        "self" : {
          "href" : "http://localhost/api/address/2"
        },
        "address" : {
          "href" : "http://localhost/api/address/2"
        },
        "byteOrder" : {
          "href" : "http://localhost/api/address/2/byteOrder"
        }
      }
    }, {
      "id" : 3,
      "streetAddress" : "396 S Main St",
      "city" : "Moab",
      "state" : "UT",
      "zip" : "84532",
      "_links" : {
        "self" : {
          "href" : "http://localhost/api/address/3"
        },
        "address" : {
          "href" : "http://localhost/api/address/3"
        },
        "byteOrder" : {
          "href" : "http://localhost/api/address/3/byteOrder"
        }
      }
    }, {
      "id" : 4,
      "streetAddress" : "1535 Kern St",
      "city" : "Fresno",
      "state" : "CA",
      "zip" : "93706",
      "_links" : {
        "self" : {
          "href" : "http://localhost/api/address/4"
        },
        "address" : {
          "href" : "http://localhost/api/address/4"
        },
        "byteOrder" : {
          "href" : "http://localhost/api/address/4/byteOrder"
        }
      }
    }, {
      "id" : 5,
      "streetAddress" : "150 W Simpson Ave",
      "city" : "Jackson",
      "state" : "WY",
      "zip" : "83001",
      "_links" : {
        "self" : {
          "href" : "http://localhost/api/address/5"
        },
        "address" : {
          "href" : "http://localhost/api/address/5"
        },
        "byteOrder" : {
          "href" : "http://localhost/api/address/5/byteOrder"
        }
      }
    } ]
  },
  "_links" : {
    "self" : {
      "href" : "http://localhost/api/address"
    },
    "profile" : {
      "href" : "http://localhost/api/profile/address"
    }
  },
  "page" : {
    "size" : 20,
    "totalElements" : 5,
    "totalPages" : 1,
    "number" : 0
  }
}
    Forwarded URL = null
   Redirected URL = null
          Cookies = []
]]></system-out>
  </testcase>
</testsuite>